datalink b 
=========================================================================
                          Station B                                 
-------------------------------------------------------------------------
Protocol.lib, version 3.0, Build: Oct 19 2009 (jiangy@public3.bta.net.cn)
Channel: 8000 bps, 270 ms propagation delay, bit error rate 1.0E-005
Log file "datalink-B.log", TCP port 59144, debug mask 0x00
Station B is connecting station A (TCP port 59144) ... Done.
New epoch: Tue Dec 01 14:03:25 2009
=========================================================================
Designed by chenchen_07415_071419, build: Dec  1 2009  14:02:59

1.441 ** WARNING: System too busy, sleep 15 ms, but be awakened 163 ms later
2.600 .... 8 packets received, 7656 bps, 95.70%, Err 0 (0.0e+000)
4.702 .... 16 packets received, 7725 bps, 96.56%, Err 0 (0.0e+000)
6.811 .... 24 packets received, 7739 bps, 96.74%, Err 0 (0.0e+000)
8.925 .... 32 packets received, 7742 bps, 96.77%, Err 0 (0.0e+000)
11.025 .... 40 packets received, 7754 bps, 96.92%, Err 0 (0.0e+000)
13.137 .... 47 packets received, 7593 bps, 94.91%, Err 1 (9.7e-006)
15.249 .... 55 packets received, 7616 bps, 95.21%, Err 1 (8.3e-006)
17.385 .... 63 packets received, 7623 bps, 95.29%, Err 1 (7.3e-006)
19.488 .... 71 packets received, 7642 bps, 95.52%, Err 2 (1.3e-005)
21.607 .... 79 packets received, 7651 bps, 95.64%, Err 2 (1.2e-005)
24.505 .... 85 packets received, 7240 bps, 90.50%, Err 3 (1.5e-005)
26.612 .... 97 packets received, 7596 bps, 94.95%, Err 3 (1.4e-005)
28.730 .... 105 packets received, 7607 bps, 95.08%, Err 3 (1.3e-005)
30.839 .... 113 packets received, 7618 bps, 95.22%, Err 4 (1.6e-005)
32.958 .... 121 packets received, 7625 bps, 95.32%, Err 4 (1.5e-005)
35.060 .... 129 packets received, 7636 bps, 95.45%, Err 4 (1.4e-005)
37.167 .... 137 packets received, 7644 bps, 95.55%, Err 4 (1.4e-005)
39.295 .... 145 packets received, 7647 bps, 95.58%, Err 4 (1.3e-005)
41.404 .... 153 packets received, 7653 bps, 95.66%, Err 4 (1.2e-005)
44.576 .... 160 packets received, 7428 bps, 92.85%, Err 5 (1.4e-005)
46.680 .... 172 packets received, 7621 bps, 95.27%, Err 5 (1.3e-005)
48.804 .... 180 packets received, 7625 bps, 95.32%, Err 5 (1.3e-005)
50.910 .... 188 packets received, 7632 bps, 95.40%, Err 5 (1.2e-005)
53.017 .... 196 packets received, 7638 bps, 95.47%, Err 5 (1.2e-005)
55.122 .... 204 packets received, 7643 bps, 95.54%, Err 5 (1.1e-005)
57.256 .... 212 packets received, 7644 bps, 95.56%, Err 5 (1.1e-005)
59.369 .... 220 packets received, 7648 bps, 95.61%, Err 5 (1.1e-005)
61.474 .... 228 packets received, 7653 bps, 95.66%, Err 5 (1.0e-005)
63.584 .... 236 packets received, 7657 bps, 95.71%, Err 5 (9.9e-006)
65.697 .... 244 packets received, 7660 bps, 95.75%, Err 5 (9.5e-006)
67.822 .... 252 packets received, 7662 bps, 95.77%, Err 5 (9.2e-006)
69.915 .... 260 packets received, 7667 bps, 95.83%, Err 5 (9.0e-006)
72.029 .... 268 packets received, 7669 bps, 95.86%, Err 5 (8.7e-006)
74.133 .... 276 packets received, 7672 bps, 95.90%, Err 5 (8.5e-006)
76.259 .... 284 packets received, 7673 bps, 95.92%, Err 5 (8.2e-006)
78.371 .... 292 packets received, 7676 bps, 95.95%, Err 5 (8.0e-006)
80.475 .... 299 packets received, 7653 bps, 95.66%, Err 6 (9.3e-006)
82.600 .... 307 packets received, 7654 bps, 95.68%, Err 6 (9.1e-006)
84.740 .... 315 packets received, 7654 bps, 95.68%, Err 6 (8.9e-006)
86.820 .... 323 packets received, 7660 bps, 95.75%, Err 6 (8.7e-006)
88.929 .... 331 packets received, 7662 bps, 95.78%, Err 7 (9.9e-006)
92.382 .... 339 packets received, 7553 bps, 94.41%, Err 8 (1.1e-005)
94.489 .... 351 packets received, 7645 bps, 95.56%, Err 8 (1.1e-005)
96.602 .... 359 packets received, 7647 bps, 95.59%, Err 8 (1.0e-005)
98.704 .... 367 packets received, 7651 bps, 95.63%, Err 8 (1.0e-005)
100.822 .... 375 packets received, 7652 bps, 95.65%, Err 8 (9.9e-006)
102.948 .... 383 packets received, 7653 bps, 95.67%, Err 8 (9.7e-006)
105.300 .... 388 packets received, 7579 bps, 94.74%, Err 9 (1.1e-005)
107.433 .... 399 packets received, 7639 bps, 95.49%, Err 9 (1.0e-005)
109.541 .... 407 packets received, 7641 bps, 95.52%, Err 9 (1.0e-005)
111.646 .... 415 packets received, 7644 bps, 95.55%, Err 9 (1.0e-005)
113.760 .... 423 packets received, 7646 bps, 95.58%, Err 9 (9.9e-006)
115.875 .... 431 packets received, 7648 bps, 95.60%, Err 9 (9.7e-006)
117.988 .... 439 packets received, 7650 bps, 95.62%, Err 9 (9.6e-006)
120.630 .... 445 packets received, 7584 bps, 94.80%, Err 10 (1.0e-005)
122.734 .... 456 packets received, 7638 bps, 95.47%, Err 10 (1.0e-005)
124.845 .... 464 packets received, 7640 bps, 95.50%, Err 10 (1.0e-005)
126.961 .... 472 packets received, 7641 bps, 95.52%, Err 10 (9.9e-006)
129.059 .... 476 packets received, 7581 bps, 94.76%, Err 11 (1.1e-005)
131.179 .... 487 packets received, 7630 bps, 95.37%, Err 11 (1.0e-005)
133.278 .... 495 packets received, 7633 bps, 95.41%, Err 11 (1.0e-005)
135.405 .... 503 packets received, 7634 bps, 95.42%, Err 11 (1.0e-005)
137.521 .... 511 packets received, 7635 bps, 95.44%, Err 11 (1.0e-005)
139.634 .... 519 packets received, 7637 bps, 95.47%, Err 11 (9.9e-006)
141.740 .... 527 packets received, 7639 bps, 95.49%, Err 11 (9.7e-006)
143.841 .... 535 packets received, 7642 bps, 95.52%, Err 11 (9.6e-006)
145.952 .... 543 packets received, 7643 bps, 95.54%, Err 11 (9.4e-006)
148.339 .... 548 packets received, 7589 bps, 94.87%, Err 12 (1.0e-005)
150.458 .... 559 packets received, 7632 bps, 95.40%, Err 12 (1.0e-005)
152.573 .... 567 packets received, 7634 bps, 95.42%, Err 12 (9.8e-006)
155.992 .... 571 packets received, 7519 bps, 93.98%, Err 13 (1.0e-005)
158.640 .... 587 packets received, 7600 bps, 95.00%, Err 13 (1.0e-005)
160.754 .... 593 packets received, 7576 bps, 94.71%, Err 13 (1.0e-005)
162.862 .... 599 packets received, 7554 bps, 94.42%, Err 13 (1.0e-005)
164.972 .... 605 packets received, 7532 bps, 94.15%, Err 14 (1.1e-005)
167.104 .... 611 packets received, 7509 bps, 93.86%, Err 14 (1.0e-005)
169.198 .... 617 packets received, 7489 bps, 93.61%, Err 14 (1.0e-005)
171.311 .... 624 packets received, 7480 bps, 93.50%, Err 14 (1.0e-005)
173.418 .... 631 packets received, 7472 bps, 93.40%, Err 14 (1.0e-005)
175.801 .... 638 packets received, 7452 bps, 93.15%, Err 14 (1.0e-005)
177.900 .... 644 packets received, 7433 bps, 92.91%, Err 14 (9.8e-006)
180.034 .... 650 packets received, 7413 bps, 92.66%, Err 14 (9.7e-006)
182.663 .... 655 packets received, 7362 bps, 92.03%, Err 15 (1.0e-005)
184.764 .... 665 packets received, 7390 bps, 92.37%, Err 15 (1.0e-005)
186.873 .... 673 packets received, 7394 bps, 92.42%, Err 15 (1.0e-005)
189.026 .... 681 packets received, 7396 bps, 92.45%, Err 15 (9.9e-006)
191.115 .... 688 packets received, 7390 bps, 92.38%, Err 16 (1.0e-005)
193.229 .... 696 packets received, 7394 bps, 92.43%, Err 16 (1.0e-005)
195.331 .... 704 packets received, 7399 bps, 92.48%, Err 16 (1.0e-005)
197.447 .... 712 packets received, 7402 bps, 92.53%, Err 16 (1.0e-005)
199.555 .... 720 packets received, 7406 bps, 92.58%, Err 16 (1.0e-005)
201.666 .... 728 packets received, 7410 bps, 92.63%, Err 16 (9.9e-006)
203.780 .... 736 packets received, 7414 bps, 92.67%, Err 16 (9.8e-006)
205.914 .... 744 packets received, 7416 bps, 92.70%, Err 16 (9.7e-006)
208.021 .... 752 packets received, 7420 bps, 92.75%, Err 16 (9.6e-006)
210.133 .... 760 packets received, 7423 bps, 92.79%, Err 16 (9.5e-006)
212.239 .... 768 packets received, 7427 bps, 92.84%, Err 16 (9.4e-006)
214.342 .... 776 packets received, 7430 bps, 92.88%, Err 16 (9.3e-006)
216.464 .... 784 packets received, 7433 bps, 92.92%, Err 16 (9.2e-006)
219.100 .... 790 packets received, 7400 bps, 92.50%, Err 17 (9.7e-006)
221.208 .... 801 packets received, 7431 bps, 92.89%, Err 17 (9.6e-006)
223.310 .... 809 packets received, 7435 bps, 92.93%, Err 17 (9.5e-006)
225.448 .... 817 packets received, 7437 bps, 92.96%, Err 17 (9.4e-006)
227.555 .... 825 packets received, 7440 bps, 93.00%, Err 17 (9.3e-006)
229.672 .... 833 packets received, 7443 bps, 93.04%, Err 17 (9.3e-006)
231.780 .... 841 packets received, 7446 bps, 93.07%, Err 17 (9.2e-006)
233.879 .... 849 packets received, 7449 bps, 93.11%, Err 17 (9.1e-006)
236.537 .... 855 packets received, 7417 bps, 92.72%, Err 18 (9.5e-006)
239.697 .... 866 packets received, 7413 bps, 92.67%, Err 19 (9.9e-006)
241.825 .... 877 packets received, 7441 bps, 93.02%, Err 19 (9.8e-006)
243.933 .... 885 packets received, 7444 bps, 93.05%, Err 19 (9.7e-006)
246.038 .... 893 packets received, 7447 bps, 93.09%, Err 19 (9.7e-006)
248.161 .... 901 packets received, 7449 bps, 93.12%, Err 19 (9.6e-006)
250.274 .... 909 packets received, 7452 bps, 93.15%, Err 19 (9.5e-006)
252.386 .... 916 packets received, 7447 bps, 93.08%, Err 20 (9.9e-006)
254.488 .... 924 packets received, 7449 bps, 93.12%, Err 20 (9.8e-006)
256.603 .... 932 packets received, 7452 bps, 93.15%, Err 20 (9.8e-006)
258.717 .... 940 packets received, 7454 bps, 93.18%, Err 20 (9.7e-006)
260.852 .... 948 packets received, 7456 bps, 93.20%, Err 20 (9.6e-006)
262.934 .... 956 packets received, 7459 bps, 93.24%, Err 20 (9.5e-006)
265.055 .... 964 packets received, 7461 bps, 93.27%, Err 20 (9.4e-006)
267.168 .... 971 packets received, 7456 bps, 93.20%, Err 21 (9.8e-006)
269.284 .... 979 packets received, 7458 bps, 93.23%, Err 21 (9.8e-006)
271.400 .... 987 packets received, 7461 bps, 93.26%, Err 21 (9.7e-006)
273.505 .... 991 packets received, 7433 bps, 92.91%, Err 22 (1.0e-005)
275.621 .... 1002 packets received, 7458 bps, 93.22%, Err 22 (1.0e-005)
277.756 .... 1010 packets received, 7459 bps, 93.24%, Err 22 (9.9e-006)
279.841 .... 1018 packets received, 7462 bps, 93.28%, Err 22 (9.8e-006)
281.959 .... 1025 packets received, 7457 bps, 93.22%, Err 23 (1.0e-005)
284.072 .... 1033 packets received, 7459 bps, 93.24%, Err 23 (1.0e-005)
286.187 .... 1041 packets received, 7462 bps, 93.27%, Err 23 (1.0e-005)
288.295 .... 1049 packets received, 7464 bps, 93.30%, Err 23 (1.0e-005)
290.405 .... 1057 packets received, 7466 bps, 93.33%, Err 23 (9.9e-006)
292.524 .... 1065 packets received, 7468 bps, 93.35%, Err 23 (9.8e-006)
294.635 .... 1073 packets received, 7470 bps, 93.38%, Err 23 (9.8e-006)
296.757 .... 1081 packets received, 7472 bps, 93.40%, Err 23 (9.7e-006)
298.858 .... 1089 packets received, 7474 bps, 93.43%, Err 23 (9.6e-006)
300.965 .... 1097 packets received, 7476 bps, 93.45%, Err 23 (9.6e-006)
303.074 .... 1105 packets received, 7478 bps, 93.48%, Err 23 (9.5e-006)
305.196 .... 1113 packets received, 7480 bps, 93.50%, Err 23 (9.4e-006)
307.305 .... 1121 packets received, 7482 bps, 93.52%, Err 23 (9.4e-006)
309.415 .... 1129 packets received, 7484 bps, 93.55%, Err 23 (9.3e-006)
311.529 .... 1137 packets received, 7486 bps, 93.57%, Err 23 (9.2e-006)
314.167 .... 1143 packets received, 7462 bps, 93.27%, Err 24 (9.6e-006)
316.300 .... 1154 packets received, 7483 bps, 93.54%, Err 24 (9.5e-006)
318.398 .... 1162 packets received, 7485 bps, 93.56%, Err 24 (9.4e-006)
320.522 .... 1170 packets received, 7487 bps, 93.58%, Err 24 (9.4e-006)
322.632 .... 1178 packets received, 7488 bps, 93.60%, Err 24 (9.3e-006)
324.760 .... 1186 packets received, 7490 bps, 93.62%, Err 24 (9.2e-006)
326.852 .... 1194 packets received, 7492 bps, 93.65%, Err 24 (9.2e-006)
328.979 .... 1202 packets received, 7493 bps, 93.67%, Err 24 (9.1e-006)
331.105 .... 1210 packets received, 7495 bps, 93.68%, Err 24 (9.1e-006)
333.183 .... 1218 packets received, 7497 bps, 93.71%, Err 24 (9.0e-006)
335.291 .... 1226 packets received, 7499 bps, 93.74%, Err 24 (9.0e-006)
337.458 .... 1234 packets received, 7499 bps, 93.74%, Err 25 (9.3e-006)
339.512 .... 1241 packets received, 7496 bps, 93.70%, Err 25 (9.2e-006)
341.631 .... 1249 packets received, 7498 bps, 93.72%, Err 25 (9.2e-006)
343.729 .... 1256 packets received, 7494 bps, 93.67%, Err 26 (9.5e-006)
345.857 .... 1264 packets received, 7495 bps, 93.68%, Err 26 (9.4e-006)
348.499 .... 1270 packets received, 7473 bps, 93.41%, Err 27 (9.7e-006)
351.393 .... 1280 packets received, 7470 bps, 93.37%, Err 28 (1.0e-005)
353.512 .... 1291 packets received, 7489 bps, 93.61%, Err 28 (9.9e-006)
355.622 .... 1298 packets received, 7485 bps, 93.56%, Err 29 (1.0e-005)
357.741 .... 1306 packets received, 7486 bps, 93.58%, Err 29 (1.0e-005)
359.864 .... 1314 packets received, 7488 bps, 93.59%, Err 29 (1.0e-005)
361.961 .... 1318 packets received, 7467 bps, 93.34%, Err 30 (1.0e-005)
364.078 .... 1329 packets received, 7485 bps, 93.57%, Err 30 (1.0e-005)
366.177 .... 1337 packets received, 7487 bps, 93.59%, Err 30 (1.0e-005)
368.295 .... 1345 packets received, 7489 bps, 93.61%, Err 30 (1.0e-005)
370.404 .... 1353 packets received, 7490 bps, 93.63%, Err 30 (1.0e-005)
372.513 .... 1361 packets received, 7492 bps, 93.65%, Err 30 (1.0e-005)
374.631 .... 1369 packets received, 7493 bps, 93.66%, Err 30 (1.0e-005)
376.742 .... 1377 packets received, 7495 bps, 93.68%, Err 30 (1.0e-005)
378.855 .... 1385 packets received, 7496 bps, 93.70%, Err 30 (9.9e-006)
380.976 .... 1393 packets received, 7497 bps, 93.72%, Err 30 (9.8e-006)
383.087 .... 1401 packets received, 7499 bps, 93.74%, Err 30 (9.8e-006)
385.188 .... 1409 packets received, 7500 bps, 93.76%, Err 30 (9.7e-006)
387.553 .... 1414 packets received, 7481 bps, 93.51%, Err 32 (1.0e-005)
389.687 .... 1424 packets received, 7493 bps, 93.66%, Err 33 (1.1e-005)
391.793 .... 1431 packets received, 7489 bps, 93.61%, Err 33 (1.1e-005)
393.917 .... 1438 packets received, 7485 bps, 93.56%, Err 34 (1.1e-005)
396.012 .... 1446 packets received, 7487 bps, 93.58%, Err 34 (1.1e-005)
398.126 .... 1454 packets received, 7488 bps, 93.60%, Err 34 (1.1e-005)
400.239 .... 1462 packets received, 7490 bps, 93.62%, Err 34 (1.1e-005)
402.349 .... 1470 packets received, 7491 bps, 93.64%, Err 34 (1.1e-005)
404.458 .... 1478 packets received, 7492 bps, 93.66%, Err 34 (1.1e-005)
406.570 .... 1486 packets received, 7494 bps, 93.67%, Err 34 (1.0e-005)
408.681 .... 1494 packets received, 7495 bps, 93.69%, Err 34 (1.0e-005)
410.805 .... 1502 packets received, 7496 bps, 93.70%, Err 35 (1.1e-005)
412.903 .... 1510 packets received, 7498 bps, 93.72%, Err 35 (1.1e-005)
415.019 .... 1518 packets received, 7499 bps, 93.74%, Err 35 (1.1e-005)
417.148 .... 1526 packets received, 7500 bps, 93.75%, Err 35 (1.0e-005)
419.247 .... 1534 packets received, 7502 bps, 93.77%, Err 35 (1.0e-005)
421.369 .... 1542 packets received, 7503 bps, 93.79%, Err 35 (1.0e-005)
423.485 .... 1550 packets received, 7504 bps, 93.80%, Err 35 (1.0e-005)
425.581 .... 1558 packets received, 7506 bps, 93.82%, Err 35 (1.0e-005)
427.698 .... 1566 packets received, 7507 bps, 93.83%, Err 35 (1.0e-005)
429.805 .... 1574 packets received, 7508 bps, 93.85%, Err 35 (1.0e-005)
431.934 .... 1582 packets received, 7509 bps, 93.86%, Err 35 (1.0e-005)
434.044 .... 1590 packets received, 7510 bps, 93.88%, Err 35 (1.0e-005)
436.147 .... 1598 packets received, 7512 bps, 93.89%, Err 35 (1.0e-005)
438.263 .... 1606 packets received, 7513 bps, 93.91%, Err 35 (1.0e-005)
440.381 .... 1614 packets received, 7514 bps, 93.92%, Err 35 (9.9e-006)
442.494 .... 1622 packets received, 7515 bps, 93.94%, Err 35 (9.9e-006)
444.617 .... 1630 packets received, 7516 bps, 93.95%, Err 35 (9.8e-006)
446.724 .... 1638 packets received, 7517 bps, 93.96%, Err 35 (9.8e-006)
449.116 .... 1642 packets received, 7495 bps, 93.69%, Err 36 (1.0e-005)
451.233 .... 1654 packets received, 7515 bps, 93.93%, Err 36 (1.0e-005)
453.337 .... 1662 packets received, 7516 bps, 93.95%, Err 36 (9.9e-006)
455.450 .... 1670 packets received, 7517 bps, 93.96%, Err 36 (9.9e-006)
457.571 .... 1673 packets received, 7496 bps, 93.69%, Err 37 (1.0e-005)
459.682 .... 1685 packets received, 7515 bps, 93.93%, Err 37 (1.0e-005)
461.790 .... 1693 packets received, 7516 bps, 93.95%, Err 37 (1.0e-005)
464.963 .... 1700 packets received, 7495 bps, 93.69%, Err 38 (1.0e-005)
467.085 .... 1712 packets received, 7514 bps, 93.92%, Err 38 (1.0e-005)
469.179 .... 1720 packets received, 7515 bps, 93.94%, Err 38 (1.0e-005)
471.302 .... 1728 packets received, 7516 bps, 93.95%, Err 38 (1.0e-005)
473.427 .... 1736 packets received, 7517 bps, 93.96%, Err 38 (1.0e-005)
475.529 .... 1744 packets received, 7518 bps, 93.98%, Err 38 (1.0e-005)
477.648 .... 1752 packets received, 7519 bps, 93.99%, Err 38 (9.9e-006)
480.554 .... 1758 packets received, 7499 bps, 93.74%, Err 39 (1.0e-005)
482.651 .... 1770 packets received, 7518 bps, 93.97%, Err 39 (1.0e-005)
484.776 .... 1778 packets received, 7519 bps, 93.98%, Err 39 (1.0e-005)
486.886 .... 1786 packets received, 7520 bps, 93.99%, Err 39 (1.0e-005)
488.998 .... 1794 packets received, 7521 bps, 94.01%, Err 39 (1.0e-005)
491.119 .... 1802 packets received, 7522 bps, 94.02%, Err 40 (1.0e-005)
493.221 .... 1810 packets received, 7523 bps, 94.03%, Err 40 (1.0e-005)
495.335 .... 1818 packets received, 7524 bps, 94.05%, Err 40 (1.0e-005)
498.761 .... 1826 packets received, 7505 bps, 93.81%, Err 41 (1.0e-005)
500.880 .... 1838 packets received, 7522 bps, 94.03%, Err 41 (1.0e-005)
502.982 .... 1846 packets received, 7523 bps, 94.04%, Err 41 (1.0e-005)
505.106 .... 1854 packets received, 7524 bps, 94.05%, Err 41 (1.0e-005)
507.222 .... 1862 packets received, 7525 bps, 94.06%, Err 41 (1.0e-005)
509.322 .... 1870 packets received, 7526 bps, 94.08%, Err 41 (1.0e-005)
511.442 .... 1878 packets received, 7527 bps, 94.09%, Err 41 (1.0e-005)
513.556 .... 1886 packets received, 7528 bps, 94.10%, Err 41 (1.0e-005)
515.669 .... 1894 packets received, 7529 bps, 94.11%, Err 41 (9.9e-006)
517.776 .... 1902 packets received, 7530 bps, 94.12%, Err 41 (9.9e-006)
520.423 .... 1908 packets received, 7515 bps, 93.94%, Err 42 (1.0e-005)
523.318 .... 1918 packets received, 7513 bps, 93.91%, Err 43 (1.0e-005)
525.425 .... 1929 packets received, 7525 bps, 94.07%, Err 43 (1.0e-005)
527.544 .... 1937 packets received, 7526 bps, 94.08%, Err 43 (1.0e-005)
529.658 .... 1945 packets received, 7527 bps, 94.09%, Err 43 (1.0e-005)
530.768 ** WARNING: System too busy, sleep 15 ms, but be awakened 72 ms later
531.776 .... 1953 packets received, 7528 bps, 94.10%, Err 43 (1.0e-005)
533.885 .... 1961 packets received, 7529 bps, 94.11%, Err 43 (1.0e-005)
536.011 .... 1968 packets received, 7526 bps, 94.07%, Err 44 (1.0e-005)
538.098 .... 1976 packets received, 7527 bps, 94.09%, Err 44 (1.0e-005)
540.216 .... 1984 packets received, 7528 bps, 94.10%, Err 44 (1.0e-005)
542.851 .... 1990 packets received, 7514 bps, 93.92%, Err 45 (1.0e-005)
544.976 .... 2001 packets received, 7526 bps, 94.08%, Err 45 (1.0e-005)
547.091 .... 2009 packets received, 7527 bps, 94.09%, Err 45 (1.0e-005)
549.217 .... 2017 packets received, 7528 bps, 94.09%, Err 45 (1.0e-005)
551.323 .... 2025 packets received, 7529 bps, 94.11%, Err 45 (1.0e-005)
553.427 .... 2033 packets received, 7530 bps, 94.12%, Err 45 (1.0e-005)
555.536 .... 2041 packets received, 7530 bps, 94.13%, Err 45 (1.0e-005)
557.651 .... 2049 packets received, 7531 bps, 94.14%, Err 45 (1.0e-005)
559.753 .... 2057 packets received, 7532 bps, 94.15%, Err 45 (1.0e-005)
561.887 .... 2065 packets received, 7533 bps, 94.16%, Err 45 (1.0e-005)
563.976 .... 2073 packets received, 7534 bps, 94.17%, Err 45 (1.0e-005)
566.103 .... 2081 packets received, 7535 bps, 94.18%, Err 45 (9.9e-006)
568.201 .... 2089 packets received, 7536 bps, 94.20%, Err 45 (9.9e-006)
570.321 .... 2096 packets received, 7533 bps, 94.16%, Err 46 (1.0e-005)
572.425 .... 2104 packets received, 7534 bps, 94.17%, Err 46 (1.0e-005)
574.541 .... 2112 packets received, 7534 bps, 94.18%, Err 46 (1.0e-005)
576.672 .... 2120 packets received, 7535 bps, 94.19%, Err 46 (1.0e-005)
578.794 .... 2128 packets received, 7536 bps, 94.20%, Err 46 (9.9e-006)
580.889 .... 2136 packets received, 7537 bps, 94.21%, Err 46 (9.9e-006)
583.001 .... 2144 packets received, 7538 bps, 94.22%, Err 46 (9.9e-006)
585.122 .... 2152 packets received, 7538 bps, 94.23%, Err 47 (1.0e-005)
587.232 .... 2160 packets received, 7539 bps, 94.24%, Err 47 (1.0e-005)
589.334 .... 2168 packets received, 7540 bps, 94.25%, Err 47 (1.0e-005)
591.452 .... 2175 packets received, 7537 bps, 94.21%, Err 48 (1.0e-005)
594.599 .... 2183 packets received, 7525 bps, 94.06%, Err 49 (1.0e-005)
596.730 .... 2194 packets received, 7536 bps, 94.20%, Err 49 (1.0e-005)
598.833 .... 2202 packets received, 7537 bps, 94.21%, Err 49 (1.0e-005)
600.958 .... 2210 packets received, 7537 bps, 94.22%, Err 49 (1.0e-005)
603.053 .... 2218 packets received, 7538 bps, 94.23%, Err 49 (1.0e-005)
605.173 .... 2226 packets received, 7539 bps, 94.24%, Err 49 (1.0e-005)
607.296 .... 2234 packets received, 7539 bps, 94.24%, Err 49 (1.0e-005)
609.403 .... 2242 packets received, 7540 bps, 94.25%, Err 49 (1.0e-005)
611.527 .... 2250 packets received, 7541 bps, 94.26%, Err 49 (1.0e-005)
613.624 .... 2258 packets received, 7542 bps, 94.27%, Err 49 (1.0e-005)
615.741 .... 2266 packets received, 7543 bps, 94.28%, Err 49 (1.0e-005)
617.868 .... 2274 packets received, 7543 bps, 94.29%, Err 49 (9.9e-006)
619.972 .... 2282 packets received, 7544 bps, 94.30%, Err 49 (9.9e-006)
622.090 .... 2290 packets received, 7545 bps, 94.31%, Err 49 (9.8e-006)
624.208 .... 2298 packets received, 7545 bps, 94.32%, Err 49 (9.8e-006)
626.300 .... 2306 packets received, 7546 bps, 94.33%, Err 49 (9.8e-006)
628.418 .... 2314 packets received, 7547 bps, 94.33%, Err 49 (9.7e-006)
630.525 .... 2322 packets received, 7548 bps, 94.34%, Err 49 (9.7e-006)
632.645 .... 2330 packets received, 7548 bps, 94.35%, Err 49 (9.7e-006)
634.758 .... 2338 packets received, 7549 bps, 94.36%, Err 49 (9.7e-006)
636.865 .... 2346 packets received, 7550 bps, 94.37%, Err 49 (9.6e-006)
638.992 .... 2354 packets received, 7550 bps, 94.38%, Err 49 (9.6e-006)
642.172 .... 2360 packets received, 7532 bps, 94.15%, Err 51 (9.9e-006)
644.259 .... 2372 packets received, 7546 bps, 94.32%, Err 51 (9.9e-006)
646.916 .... 2378 packets received, 7534 bps, 94.17%, Err 52 (1.0e-005)
649.012 .... 2389 packets received, 7544 bps, 94.30%, Err 52 (1.0e-005)
651.144 .... 2397 packets received, 7544 bps, 94.31%, Err 52 (1.0e-005)
653.260 .... 2405 packets received, 7545 bps, 94.31%, Err 52 (1.0e-005)
655.367 .... 2413 packets received, 7546 bps, 94.32%, Err 52 (9.9e-006)
657.479 .... 2421 packets received, 7547 bps, 94.33%, Err 52 (9.9e-006)
659.588 .... 2429 packets received, 7547 bps, 94.34%, Err 52 (9.9e-006)
662.244 .... 2435 packets received, 7536 bps, 94.19%, Err 53 (1.0e-005)
664.352 .... 2446 packets received, 7546 bps, 94.32%, Err 53 (1.0e-005)
666.456 .... 2453 packets received, 7543 bps, 94.29%, Err 54 (1.0e-005)
668.559 .... 2461 packets received, 7544 bps, 94.30%, Err 54 (1.0e-005)
670.674 .... 2469 packets received, 7545 bps, 94.31%, Err 54 (1.0e-005)
672.788 .... 2477 packets received, 7545 bps, 94.32%, Err 54 (1.0e-005)
674.921 .... 2485 packets received, 7546 bps, 94.32%, Err 54 (1.0e-005)
677.033 .... 2493 packets received, 7546 bps, 94.33%, Err 54 (1.0e-005)
679.146 .... 2501 packets received, 7547 bps, 94.34%, Err 54 (9.9e-006)
681.246 .... 2505 packets received, 7536 bps, 94.20%, Err 55 (1.0e-005)
683.370 .... 2515 packets received, 7542 bps, 94.28%, Err 56 (1.0e-005)
685.465 .... 2523 packets received, 7543 bps, 94.29%, Err 56 (1.0e-005)
687.587 .... 2527 packets received, 7532 bps, 94.15%, Err 57 (1.0e-005)
689.715 .... 2538 packets received, 7541 bps, 94.27%, Err 57 (1.0e-005)
691.816 .... 2546 packets received, 7542 bps, 94.28%, Err 57 (1.0e-005)
693.949 .... 2554 packets received, 7542 bps, 94.28%, Err 57 (1.0e-005)
696.046 .... 2562 packets received, 7543 bps, 94.29%, Err 57 (1.0e-005)
698.163 .... 2566 packets received, 7532 bps, 94.15%, Err 58 (1.0e-005)
702.385 .... 2576 packets received, 7516 bps, 93.95%, Err 59 (1.1e-005)
705.014 .... 2592 packets received, 7534 bps, 94.18%, Err 59 (1.0e-005)
707.139 .... 2598 packets received, 7529 bps, 94.11%, Err 59 (1.0e-005)
709.229 .... 2604 packets received, 7524 bps, 94.05%, Err 59 (1.0e-005)
711.353 .... 2610 packets received, 7519 bps, 93.99%, Err 59 (1.0e-005)
713.447 .... 2616 packets received, 7514 bps, 93.93%, Err 60 (1.1e-005)
715.571 .... 2622 packets received, 7509 bps, 93.86%, Err 60 (1.0e-005)
717.678 .... 2628 packets received, 7504 bps, 93.80%, Err 60 (1.0e-005)
719.797 .... 2634 packets received, 7499 bps, 93.74%, Err 60 (1.0e-005)
721.915 .... 2640 packets received, 7494 bps, 93.68%, Err 60 (1.0e-005)
724.029 .... 2646 packets received, 7489 bps, 93.62%, Err 60 (1.0e-005)
726.154 .... 2653 packets received, 7487 bps, 93.59%, Err 60 (1.0e-005)
728.256 .... 2660 packets received, 7485 bps, 93.56%, Err 60 (1.0e-005)
730.634 .... 2667 packets received, 7480 bps, 93.51%, Err 60 (1.0e-005)
732.725 .... 2673 packets received, 7476 bps, 93.45%, Err 60 (1.0e-005)
734.836 .... 2679 packets received, 7471 bps, 93.39%, Err 60 (1.0e-005)
736.958 .... 2685 packets received, 7466 bps, 93.33%, Err 60 (1.0e-005)
739.336 .... 2693 packets received, 7464 bps, 93.30%, Err 60 (1.0e-005)
741.710 .... 2701 packets received, 7463 bps, 93.28%, Err 60 (1.0e-005)
743.813 .... 2707 packets received, 7458 bps, 93.23%, Err 60 (1.0e-005)
745.926 .... 2713 packets received, 7453 bps, 93.17%, Err 60 (1.0e-005)
748.043 .... 2719 packets received, 7449 bps, 93.11%, Err 60 (1.0e-005)
750.155 .... 2726 packets received, 7447 bps, 93.09%, Err 60 (1.0e-005)
752.263 .... 2733 packets received, 7445 bps, 93.06%, Err 60 (1.0e-005)
754.384 .... 2740 packets received, 7443 bps, 93.04%, Err 60 (9.9e-006)
756.504 .... 2746 packets received, 7438 bps, 92.98%, Err 60 (9.9e-006)
758.618 .... 2752 packets received, 7434 bps, 92.92%, Err 60 (9.9e-006)
760.725 .... 2758 packets received, 7429 bps, 92.87%, Err 60 (9.9e-006)
763.887 .... 2764 packets received, 7415 bps, 92.69%, Err 61 (1.0e-005)
765.998 .... 2774 packets received, 7421 bps, 92.76%, Err 61 (1.0e-005)
768.108 .... 2782 packets received, 7422 bps, 92.78%, Err 61 (9.9e-006)
770.479 .... 2787 packets received, 7413 bps, 92.66%, Err 62 (1.0e-005)
772.628 .... 2798 packets received, 7421 bps, 92.76%, Err 62 (1.0e-005)
774.709 .... 2806 packets received, 7422 bps, 92.78%, Err 63 (1.0e-005)
776.835 .... 2813 packets received, 7420 bps, 92.76%, Err 63 (1.0e-005)
778.934 .... 2821 packets received, 7421 bps, 92.77%, Err 64 (1.0e-005)
781.054 .... 2828 packets received, 7420 bps, 92.75%, Err 64 (1.0e-005)
783.166 .... 2836 packets received, 7421 bps, 92.76%, Err 64 (1.0e-005)
785.264 .... 2844 packets received, 7422 bps, 92.77%, Err 64 (1.0e-005)
787.387 .... 2852 packets received, 7422 bps, 92.78%, Err 64 (1.0e-005)
790.552 .... 2860 packets received, 7413 bps, 92.67%, Err 65 (1.0e-005)
792.695 .... 2871 packets received, 7422 bps, 92.77%, Err 65 (1.0e-005)
794.761 .... 2879 packets received, 7423 bps, 92.79%, Err 65 (1.0e-005)
797.683 .... 2886 packets received, 7414 bps, 92.67%, Err 66 (1.0e-005)
799.779 .... 2897 packets received, 7423 bps, 92.78%, Err 66 (1.0e-005)
801.934 .... 2905 packets received, 7423 bps, 92.79%, Err 66 (1.0e-005)
804.012 .... 2913 packets received, 7424 bps, 92.80%, Err 66 (1.0e-005)
806.122 .... 2921 packets received, 7425 bps, 92.82%, Err 67 (1.0e-005)
809.310 .... 2925 packets received, 7406 bps, 92.58%, Err 69 (1.1e-005)
811.433 .... 2938 packets received, 7420 bps, 92.74%, Err 69 (1.1e-005)
813.514 .... 2946 packets received, 7421 bps, 92.76%, Err 69 (1.1e-005)
815.648 .... 2954 packets received, 7421 bps, 92.77%, Err 69 (1.1e-005)
817.749 .... 2961 packets received, 7420 bps, 92.75%, Err 70 (1.1e-005)
819.884 .... 2969 packets received, 7420 bps, 92.76%, Err 70 (1.1e-005)
821.967 .... 2977 packets received, 7422 bps, 92.77%, Err 70 (1.1e-005)
824.100 .... 2985 packets received, 7422 bps, 92.78%, Err 70 (1.1e-005)
825.066 ** WARNING: System too busy, sleep 15 ms, but be awakened 105 ms later
826.214 .... 2993 packets received, 7423 bps, 92.79%, Err 70 (1.1e-005)
828.332 .... 3001 packets received, 7424 bps, 92.80%, Err 70 (1.1e-005)
830.420 .... 3009 packets received, 7425 bps, 92.81%, Err 70 (1.1e-005)
832.574 .... 3017 packets received, 7425 bps, 92.82%, Err 70 (1.1e-005)
834.669 .... 3025 packets received, 7426 bps, 92.83%, Err 70 (1.0e-005)
836.777 .... 3033 packets received, 7427 bps, 92.84%, Err 70 (1.0e-005)
838.901 .... 3041 packets received, 7428 bps, 92.85%, Err 70 (1.0e-005)
841.830 .... 3047 packets received, 7417 bps, 92.71%, Err 72 (1.1e-005)
843.909 .... 3059 packets received, 7428 bps, 92.85%, Err 72 (1.1e-005)
846.052 .... 3067 packets received, 7428 bps, 92.85%, Err 73 (1.1e-005)
848.132 .... 3074 packets received, 7427 bps, 92.84%, Err 73 (1.1e-005)
850.257 .... 3082 packets received, 7428 bps, 92.84%, Err 73 (1.1e-005)
852.367 .... 3090 packets received, 7428 bps, 92.86%, Err 73 (1.1e-005)
854.487 .... 3098 packets received, 7429 bps, 92.86%, Err 73 (1.1e-005)
856.606 .... 3106 packets received, 7430 bps, 92.87%, Err 73 (1.1e-005)
858.723 .... 3114 packets received, 7431 bps, 92.88%, Err 73 (1.1e-005)
860.812 .... 3122 packets received, 7432 bps, 92.90%, Err 73 (1.1e-005)
862.941 .... 3130 packets received, 7432 bps, 92.90%, Err 73 (1.1e-005)
865.043 .... 3138 packets received, 7433 bps, 92.92%, Err 73 (1.1e-005)
867.164 .... 3146 packets received, 7434 bps, 92.92%, Err 73 (1.1e-005)
869.271 .... 3154 packets received, 7435 bps, 92.93%, Err 73 (1.0e-005)
871.374 .... 3162 packets received, 7436 bps, 92.95%, Err 73 (1.0e-005)
873.495 .... 3170 packets received, 7436 bps, 92.95%, Err 73 (1.0e-005)
875.620 .... 3178 packets received, 7437 bps, 92.96%, Err 73 (1.0e-005)
879.025 .... 3186 packets received, 7427 bps, 92.84%, Err 74 (1.1e-005)
881.152 .... 3198 packets received, 7437 bps, 92.96%, Err 74 (1.1e-005)
883.260 .... 3206 packets received, 7438 bps, 92.97%, Err 74 (1.0e-005)
885.382 .... 3214 packets received, 7438 bps, 92.98%, Err 74 (1.0e-005)
887.494 .... 3222 packets received, 7439 bps, 92.99%, Err 74 (1.0e-005)
889.609 .... 3230 packets received, 7440 bps, 93.00%, Err 74 (1.0e-005)
891.731 .... 3238 packets received, 7440 bps, 93.01%, Err 74 (1.0e-005)
893.828 .... 3246 packets received, 7441 bps, 93.02%, Err 74 (1.0e-005)
895.933 .... 3254 packets received, 7442 bps, 93.03%, Err 74 (1.0e-005)
898.083 .... 3262 packets received, 7443 bps, 93.03%, Err 74 (1.0e-005)
900.170 .... 3270 packets received, 7443 bps, 93.04%, Err 74 (1.0e-005)
902.273 .... 3278 packets received, 7444 bps, 93.05%, Err 74 (1.0e-005)
904.377 .... 3286 packets received, 7445 bps, 93.06%, Err 74 (1.0e-005)
906.483 .... 3294 packets received, 7446 bps, 93.07%, Err 74 (1.0e-005)
908.620 .... 3302 packets received, 7446 bps, 93.08%, Err 74 (1.0e-005)
910.727 .... 3310 packets received, 7447 bps, 93.09%, Err 74 (1.0e-005)
912.835 .... 3318 packets received, 7448 bps, 93.10%, Err 74 (1.0e-005)
914.940 .... 3326 packets received, 7449 bps, 93.11%, Err 74 (1.0e-005)
917.065 .... 3334 packets received, 7449 bps, 93.12%, Err 74 (1.0e-005)
919.170 .... 3342 packets received, 7450 bps, 93.13%, Err 74 (1.0e-005)
921.286 .... 3350 packets received, 7451 bps, 93.13%, Err 75 (1.0e-005)
923.400 .... 3358 packets received, 7451 bps, 93.14%, Err 75 (1.0e-005)
925.514 .... 3366 packets received, 7452 bps, 93.15%, Err 75 (1.0e-005)
927.618 .... 3374 packets received, 7453 bps, 93.16%, Err 75 (1.0e-005)
931.316 .... 3379 packets received, 7434 bps, 92.93%, Err 76 (1.0e-005)
933.696 .... 3389 packets received, 7437 bps, 92.97%, Err 77 (1.0e-005)
935.795 .... 3403 packets received, 7451 bps, 93.14%, Err 77 (1.0e-005)
937.920 .... 3411 packets received, 7452 bps, 93.15%, Err 77 (1.0e-005)
940.025 .... 3419 packets received, 7453 bps, 93.16%, Err 77 (1.0e-005)
942.162 .... 3427 packets received, 7453 bps, 93.16%, Err 78 (1.0e-005)
944.254 .... 3434 packets received, 7452 bps, 93.15%, Err 78 (1.0e-005)
946.373 .... 3442 packets received, 7452 bps, 93.15%, Err 78 (1.0e-005)
948.522 .... 3450 packets received, 7453 bps, 93.16%, Err 78 (1.0e-005)
950.582 .... 3458 packets received, 7454 bps, 93.17%, Err 78 (1.0e-005)
952.700 .... 3466 packets received, 7454 bps, 93.18%, Err 78 (1.0e-005)
954.809 .... 3474 packets received, 7455 bps, 93.19%, Err 78 (1.0e-005)
956.933 .... 3482 packets received, 7456 bps, 93.20%, Err 78 (1.0e-005)
959.041 .... 3490 packets received, 7456 bps, 93.20%, Err 78 (1.0e-005)
961.156 .... 3498 packets received, 7457 bps, 93.21%, Err 78 (1.0e-005)
963.263 .... 3506 packets received, 7458 bps, 93.22%, Err 78 (1.0e-005)
965.365 .... 3514 packets received, 7458 bps, 93.23%, Err 78 (1.0e-005)
967.484 .... 3522 packets received, 7459 bps, 93.24%, Err 78 (1.0e-005)
969.592 .... 3530 packets received, 7460 bps, 93.25%, Err 78 (1.0e-005)
971.703 .... 3538 packets received, 7460 bps, 93.25%, Err 78 (1.0e-005)
973.820 .... 3546 packets received, 7461 bps, 93.26%, Err 78 (1.0e-005)
975.919 .... 3554 packets received, 7462 bps, 93.27%, Err 78 (1.0e-005)
978.041 .... 3562 packets received, 7462 bps, 93.28%, Err 78 (1.0e-005)
981.201 .... 3570 packets received, 7455 bps, 93.19%, Err 79 (1.0e-005)
983.322 .... 3581 packets received, 7462 bps, 93.27%, Err 79 (1.0e-005)
985.494 .... 3589 packets received, 7462 bps, 93.27%, Err 79 (1.0e-005)
988.926 .... 3593 packets received, 7444 bps, 93.05%, Err 80 (1.0e-005)
991.503 .... 3609 packets received, 7458 bps, 93.23%, Err 80 (1.0e-005)
993.629 .... 3615 packets received, 7454 bps, 93.18%, Err 80 (1.0e-005)
995.716 .... 3621 packets received, 7451 bps, 93.14%, Err 80 (1.0e-005)
997.854 .... 3627 packets received, 7448 bps, 93.09%, Err 80 (1.0e-005)
1000.475 .... 3632 packets received, 7438 bps, 92.98%, Err 83 (1.0e-005)
1002.591 .... 3641 packets received, 7441 bps, 93.01%, Err 83 (1.0e-005)
1004.713 .... 3649 packets received, 7442 bps, 93.02%, Err 83 (1.0e-005)
1006.829 .... 3657 packets received, 7442 bps, 93.03%, Err 83 (1.0e-005)
1008.937 .... 3665 packets received, 7443 bps, 93.04%, Err 83 (1.0e-005)
1011.043 .... 3673 packets received, 7444 bps, 93.04%, Err 83 (1.0e-005)
1013.152 .... 3681 packets received, 7444 bps, 93.05%, Err 83 (1.0e-005)
1015.263 .... 3689 packets received, 7445 bps, 93.06%, Err 83 (1.0e-005)
1017.383 .... 3697 packets received, 7445 bps, 93.07%, Err 83 (1.0e-005)
1019.496 .... 3705 packets received, 7446 bps, 93.08%, Err 83 (1.0e-005)
1021.599 .... 3713 packets received, 7447 bps, 93.09%, Err 83 (1.0e-005)
1023.714 .... 3721 packets received, 7447 bps, 93.09%, Err 83 (1.0e-005)
1025.833 .... 3729 packets received, 7448 bps, 93.10%, Err 84 (1.0e-005)
1031.382 .... 3730 packets received, 7410 bps, 92.62%, Err 85 (1.0e-005)
1033.498 .... 3748 packets received, 7430 bps, 92.88%, Err 85 (1.0e-005)
1035.608 .... 3754 packets received, 7427 bps, 92.84%, Err 85 (1.0e-005)
1037.725 .... 3760 packets received, 7424 bps, 92.80%, Err 85 (1.0e-005)
1039.884 .... 3766 packets received, 7420 bps, 92.75%, Err 85 (1.0e-005)
1042.010 .... 3772 packets received, 7417 bps, 92.71%, Err 85 (1.0e-005)
1044.082 .... 3778 packets received, 7414 bps, 92.67%, Err 85 (1.0e-005)
1046.199 .... 3784 packets received, 7411 bps, 92.63%, Err 85 (1.0e-005)
1048.302 .... 3790 packets received, 7408 bps, 92.59%, Err 85 (1.0e-005)
1050.424 .... 3796 packets received, 7404 bps, 92.55%, Err 85 (1.0e-005)
1052.539 .... 3802 packets received, 7401 bps, 92.51%, Err 85 (1.0e-005)
1054.652 .... 3808 packets received, 7398 bps, 92.47%, Err 85 (1.0e-005)
1056.763 .... 3814 packets received, 7395 bps, 92.43%, Err 85 (1.0e-005)
1058.873 .... 3820 packets received, 7392 bps, 92.39%, Err 86 (1.0e-005)
1062.060 .... 3827 packets received, 7383 bps, 92.29%, Err 87 (1.0e-005)
1064.168 .... 3839 packets received, 7391 bps, 92.39%, Err 87 (1.0e-005)
1066.265 .... 3847 packets received, 7392 bps, 92.40%, Err 87 (1.0e-005)
1068.381 .... 3855 packets received, 7393 bps, 92.41%, Err 87 (1.0e-005)
1070.526 .... 3863 packets received, 7393 bps, 92.42%, Err 87 (1.0e-005)
1072.614 .... 3871 packets received, 7394 bps, 92.43%, Err 87 (1.0e-005)
1074.708 .... 3879 packets received, 7395 bps, 92.44%, Err 87 (1.0e-005)
1076.834 .... 3887 packets received, 7396 bps, 92.45%, Err 87 (1.0e-005)
1078.950 .... 3895 packets received, 7396 bps, 92.46%, Err 87 (1.0e-005)
1081.587 .... 3901 packets received, 7390 bps, 92.37%, Err 88 (1.0e-005)
1083.700 .... 3912 packets received, 7396 bps, 92.45%, Err 88 (1.0e-005)
1085.806 .... 3920 packets received, 7397 bps, 92.46%, Err 88 (1.0e-005)
1087.928 .... 3928 packets received, 7397 bps, 92.47%, Err 88 (1.0e-005)
1090.028 .... 3936 packets received, 7398 bps, 92.48%, Err 88 (1.0e-005)
1092.226 .... 3944 packets received, 7398 bps, 92.48%, Err 88 (1.0e-005)
1094.306 .... 3952 packets received, 7399 bps, 92.49%, Err 88 (1.0e-005)
1096.433 .... 3960 packets received, 7400 bps, 92.50%, Err 88 (1.0e-005)
1098.505 .... 3968 packets received, 7401 bps, 92.51%, Err 88 (1.0e-005)
1100.621 .... 3976 packets received, 7402 bps, 92.52%, Err 88 (1.0e-005)
1102.735 .... 3984 packets received, 7402 bps, 92.53%, Err 88 (1.0e-005)
1106.419 .... 3989 packets received, 7387 bps, 92.33%, Err 89 (1.0e-005)
1109.082 .... 4005 packets received, 7399 bps, 92.48%, Err 89 (1.0e-005)
1111.191 .... 4011 packets received, 7396 bps, 92.45%, Err 89 (1.0e-005)
1113.300 .... 4017 packets received, 7393 bps, 92.41%, Err 89 (1.0e-005)
1115.407 .... 4023 packets received, 7390 bps, 92.37%, Err 89 (1.0e-005)
1117.520 .... 4029 packets received, 7387 bps, 92.33%, Err 89 (1.0e-005)
1120.696 .... 4035 packets received, 7377 bps, 92.21%, Err 91 (1.0e-005)
1122.804 .... 4045 packets received, 7381 bps, 92.26%, Err 91 (1.0e-005)
1124.936 .... 4053 packets received, 7382 bps, 92.27%, Err 91 (1.0e-005)
1127.040 .... 4061 packets received, 7382 bps, 92.28%, Err 91 (1.0e-005)
1129.180 .... 4069 packets received, 7383 bps, 92.29%, Err 91 (1.0e-005)
1131.282 .... 4077 packets received, 7384 bps, 92.30%, Err 91 (1.0e-005)
1133.383 .... 4085 packets received, 7385 bps, 92.31%, Err 91 (1.0e-005)
1135.500 .... 4093 packets received, 7385 bps, 92.31%, Err 91 (1.0e-005)
1137.607 .... 4101 packets received, 7386 bps, 92.32%, Err 91 (1.0e-005)
1139.735 .... 4109 packets received, 7386 bps, 92.33%, Err 91 (1.0e-005)
1142.884 .... 4117 packets received, 7380 bps, 92.26%, Err 92 (1.0e-005)
1144.999 .... 4128 packets received, 7387 bps, 92.33%, Err 92 (1.0e-005)
1147.118 .... 4136 packets received, 7387 bps, 92.34%, Err 92 (1.0e-005)
1149.237 .... 4144 packets received, 7388 bps, 92.35%, Err 92 (1.0e-005)
1151.349 .... 4152 packets received, 7388 bps, 92.36%, Err 92 (1.0e-005)
1153.445 .... 4160 packets received, 7389 bps, 92.37%, Err 92 (1.0e-005)
1155.560 .... 4168 packets received, 7390 bps, 92.37%, Err 92 (1.0e-005)
1157.676 .... 4176 packets received, 7391 bps, 92.38%, Err 92 (9.9e-006)
1160.584 .... 4183 packets received, 7384 bps, 92.30%, Err 93 (1.0e-005)
1162.699 .... 4194 packets received, 7390 bps, 92.38%, Err 93 (1.0e-005)
1165.867 .... 4202 packets received, 7384 bps, 92.30%, Err 94 (1.0e-005)
1167.966 .... 4213 packets received, 7390 bps, 92.38%, Err 94 (1.0e-005)
1170.071 .... 4217 packets received, 7384 bps, 92.30%, Err 95 (1.0e-005)
1172.190 .... 4228 packets received, 7390 bps, 92.37%, Err 95 (1.0e-005)
1174.305 .... 4236 packets received, 7391 bps, 92.38%, Err 95 (1.0e-005)
1176.421 .... 4244 packets received, 7391 bps, 92.39%, Err 95 (1.0e-005)
1180.380 .... 4250 packets received, 7377 bps, 92.21%, Err 98 (1.0e-005)
1183.024 .... 4253 packets received, 7365 bps, 92.07%, Err 98 (1.0e-005)
1185.122 .... 4269 packets received, 7380 bps, 92.25%, Err 98 (1.0e-005)
1187.240 .... 4275 packets received, 7377 bps, 92.22%, Err 98 (1.0e-005)
1189.370 .... 4281 packets received, 7374 bps, 92.18%, Err 98 (1.0e-005)
1191.465 .... 4287 packets received, 7372 bps, 92.15%, Err 98 (1.0e-005)
1194.372 .... 4292 packets received, 7362 bps, 92.03%, Err 99 (1.0e-005)
1196.486 .... 4302 packets received, 7366 bps, 92.08%, Err 99 (1.0e-005)
1198.585 .... 4310 packets received, 7367 bps, 92.09%, Err 99 (1.0e-005)
1200.708 .... 4318 packets received, 7368 bps, 92.10%, Err 99 (1.0e-005)
1202.806 .... 4326 packets received, 7369 bps, 92.11%, Err 100 (1.0e-005)
1204.932 .... 4333 packets received, 7368 bps, 92.09%, Err 100 (1.0e-005)
1207.038 .... 4341 packets received, 7368 bps, 92.10%, Err 100 (1.0e-005)
1209.158 .... 4348 packets received, 7367 bps, 92.09%, Err 101 (1.0e-005)
1211.266 .... 4356 packets received, 7368 bps, 92.10%, Err 101 (1.0e-005)
1213.388 .... 4364 packets received, 7369 bps, 92.11%, Err 101 (1.0e-005)
1215.504 .... 4372 packets received, 7369 bps, 92.11%, Err 101 (1.0e-005)
1217.606 .... 4380 packets received, 7370 bps, 92.12%, Err 101 (1.0e-005)
1219.724 .... 4388 packets received, 7371 bps, 92.13%, Err 101 (1.0e-005)
1222.874 .... 4396 packets received, 7365 bps, 92.06%, Err 102 (1.0e-005)
1224.991 .... 4407 packets received, 7371 bps, 92.13%, Err 102 (1.0e-005)
1227.100 .... 4415 packets received, 7371 bps, 92.14%, Err 102 (1.0e-005)
1229.243 .... 4423 packets received, 7372 bps, 92.15%, Err 102 (1.0e-005)
1231.327 .... 4431 packets received, 7373 bps, 92.16%, Err 102 (1.0e-005)
1233.446 .... 4438 packets received, 7372 bps, 92.14%, Err 103 (1.0e-005)
1235.557 .... 4446 packets received, 7372 bps, 92.15%, Err 103 (1.0e-005)
1237.678 .... 4454 packets received, 7373 bps, 92.16%, Err 103 (1.0e-005)
1239.790 .... 4462 packets received, 7373 bps, 92.17%, Err 103 (1.0e-005)
1241.898 .... 4470 packets received, 7374 bps, 92.18%, Err 103 (1.0e-005)
1244.008 .... 4478 packets received, 7375 bps, 92.19%, Err 103 (1.0e-005)
1246.124 .... 4486 packets received, 7375 bps, 92.19%, Err 103 (1.0e-005)
1248.227 .... 4494 packets received, 7376 bps, 92.20%, Err 103 (1.0e-005)
1250.606 .... 4499 packets received, 7370 bps, 92.13%, Err 104 (1.0e-005)
1252.726 .... 4510 packets received, 7376 bps, 92.20%, Err 104 (1.0e-005)
1254.843 .... 4514 packets received, 7370 bps, 92.12%, Err 105 (1.0e-005)
1256.962 .... 4524 packets received, 7374 bps, 92.17%, Err 107 (1.1e-005)
1259.054 .... 4532 packets received, 7375 bps, 92.18%, Err 107 (1.1e-005)
1261.200 .... 4540 packets received, 7375 bps, 92.19%, Err 107 (1.1e-005)
1263.295 .... 4548 packets received, 7376 bps, 92.20%, Err 107 (1.1e-005)
1265.399 .... 4556 packets received, 7376 bps, 92.20%, Err 107 (1.1e-005)
1267.503 .... 4564 packets received, 7377 bps, 92.21%, Err 107 (1.1e-005)
1269.636 .... 4572 packets received, 7378 bps, 92.22%, Err 107 (1.1e-005)
1271.760 .... 4580 packets received, 7378 bps, 92.23%, Err 107 (1.1e-005)
1273.866 .... 4588 packets received, 7379 bps, 92.24%, Err 107 (1.1e-005)
1275.979 .... 4596 packets received, 7379 bps, 92.24%, Err 107 (1.0e-005)
1278.112 .... 4604 packets received, 7380 bps, 92.25%, Err 107 (1.0e-005)
1280.199 .... 4608 packets received, 7374 bps, 92.18%, Err 108 (1.1e-005)
1282.329 .... 4619 packets received, 7380 bps, 92.25%, Err 108 (1.1e-005)
1284.428 .... 4627 packets received, 7380 bps, 92.25%, Err 108 (1.1e-005)
1286.554 .... 4635 packets received, 7381 bps, 92.26%, Err 108 (1.0e-005)
1288.666 .... 4643 packets received, 7381 bps, 92.27%, Err 108 (1.0e-005)
1290.773 .... 4651 packets received, 7382 bps, 92.28%, Err 108 (1.0e-005)
1292.872 .... 4659 packets received, 7383 bps, 92.29%, Err 108 (1.0e-005)
1295.012 .... 4667 packets received, 7383 bps, 92.29%, Err 109 (1.1e-005)
1297.116 .... 4675 packets received, 7384 bps, 92.30%, Err 109 (1.1e-005)
1299.217 .... 4683 packets received, 7385 bps, 92.31%, Err 109 (1.0e-005)
1301.352 .... 4691 packets received, 7385 bps, 92.31%, Err 109 (1.0e-005)
1303.435 .... 4699 packets received, 7386 bps, 92.32%, Err 109 (1.0e-005)
1305.560 .... 4707 packets received, 7386 bps, 92.33%, Err 109 (1.0e-005)
1308.205 .... 4713 packets received, 7381 bps, 92.26%, Err 110 (1.1e-005)
1310.316 .... 4724 packets received, 7386 bps, 92.33%, Err 110 (1.0e-005)
1312.418 .... 4732 packets received, 7387 bps, 92.33%, Err 110 (1.0e-005)
1314.544 .... 4740 packets received, 7387 bps, 92.34%, Err 110 (1.0e-005)
1316.643 .... 4748 packets received, 7388 bps, 92.35%, Err 110 (1.0e-005)
1318.753 .... 4756 packets received, 7389 bps, 92.36%, Err 110 (1.0e-005)
1320.877 .... 4764 packets received, 7389 bps, 92.36%, Err 110 (1.0e-005)
1322.982 .... 4772 packets received, 7390 bps, 92.37%, Err 110 (1.0e-005)
1325.097 .... 4780 packets received, 7390 bps, 92.38%, Err 110 (1.0e-005)
1327.198 .... 4788 packets received, 7391 bps, 92.39%, Err 110 (1.0e-005)
1329.332 .... 4796 packets received, 7391 bps, 92.39%, Err 110 (1.0e-005)
1331.431 .... 4804 packets received, 7392 bps, 92.40%, Err 110 (1.0e-005)
1333.542 .... 4812 packets received, 7393 bps, 92.41%, Err 110 (1.0e-005)
1335.663 .... 4820 packets received, 7393 bps, 92.41%, Err 110 (1.0e-005)
1337.772 .... 4827 packets received, 7392 bps, 92.40%, Err 111 (1.0e-005)
1339.873 .... 4835 packets received, 7393 bps, 92.41%, Err 111 (1.0e-005)
1342.005 .... 4843 packets received, 7393 bps, 92.42%, Err 111 (1.0e-005)
1344.107 .... 4851 packets received, 7394 bps, 92.42%, Err 111 (1.0e-005)
1346.224 .... 4859 packets received, 7394 bps, 92.43%, Err 111 (1.0e-005)
1348.340 .... 4867 packets received, 7395 bps, 92.44%, Err 111 (1.0e-005)
1350.446 .... 4875 packets received, 7396 bps, 92.45%, Err 111 (1.0e-005)
1352.559 .... 4883 packets received, 7396 bps, 92.45%, Err 111 (1.0e-005)
1354.662 .... 4891 packets received, 7397 bps, 92.46%, Err 111 (1.0e-005)
1356.779 .... 4895 packets received, 7391 bps, 92.39%, Err 112 (1.0e-005)
1358.883 .... 4906 packets received, 7396 bps, 92.46%, Err 112 (1.0e-005)
1361.001 .... 4914 packets received, 7397 bps, 92.46%, Err 112 (1.0e-005)
1363.103 .... 4922 packets received, 7398 bps, 92.47%, Err 112 (1.0e-005)
1365.229 .... 4930 packets received, 7398 bps, 92.48%, Err 112 (1.0e-005)
1367.332 .... 4938 packets received, 7399 bps, 92.48%, Err 112 (1.0e-005)
1369.456 .... 4946 packets received, 7399 bps, 92.49%, Err 112 (1.0e-005)
1371.560 .... 4954 packets received, 7400 bps, 92.50%, Err 112 (1.0e-005)
1373.663 .... 4962 packets received, 7400 bps, 92.50%, Err 112 (1.0e-005)
1375.795 .... 4970 packets received, 7401 bps, 92.51%, Err 112 (1.0e-005)
1377.905 .... 4978 packets received, 7401 bps, 92.52%, Err 112 (1.0e-005)
1380.009 .... 4986 packets received, 7402 bps, 92.52%, Err 112 (1.0e-005)
1382.117 .... 4994 packets received, 7402 bps, 92.53%, Err 112 (1.0e-005)
1384.242 .... 5002 packets received, 7403 bps, 92.54%, Err 112 (1.0e-005)
1386.350 .... 5010 packets received, 7404 bps, 92.54%, Err 112 (1.0e-005)
1388.463 .... 5018 packets received, 7404 bps, 92.55%, Err 112 (1.0e-005)
1390.561 .... 5026 packets received, 7405 bps, 92.56%, Err 112 (1.0e-005)
1392.680 .... 5034 packets received, 7405 bps, 92.56%, Err 112 (1.0e-005)
1394.800 .... 5042 packets received, 7406 bps, 92.57%, Err 112 (1.0e-005)
1396.914 .... 5050 packets received, 7406 bps, 92.58%, Err 112 (1.0e-005)
1399.012 .... 5058 packets received, 7407 bps, 92.58%, Err 112 (1.0e-005)
1401.138 .... 5066 packets received, 7407 bps, 92.59%, Err 112 (1.0e-005)
1403.250 .... 5074 packets received, 7408 bps, 92.60%, Err 112 (1.0e-005)
1405.365 .... 5082 packets received, 7408 bps, 92.60%, Err 112 (1.0e-005)
1407.476 .... 5089 packets received, 7407 bps, 92.59%, Err 113 (1.0e-005)
1409.569 .... 5097 packets received, 7408 bps, 92.60%, Err 113 (1.0e-005)
1411.679 .... 5105 packets received, 7409 bps, 92.61%, Err 113 (1.0e-005)
1415.622 ** WARNING: System too busy, sleep 15 ms, but be awakened 157 ms later
1418.708 ** WARNING: System too busy, sleep 15 ms, but be awakened 105 ms later
1419.125 .... 5112 packets received, 7380 bps, 92.25%, Err 115 (1.0e-005)
1421.210 .... 5130 packets received, 7395 bps, 92.44%, Err 115 (1.0e-005)
1422.760 ** WARNING: System too busy, sleep 15 ms, but be awakened 74 ms later
1423.330 .... 5138 packets received, 7395 bps, 92.44%, Err 115 (1.0e-005)
1425.436 .... 5146 packets received, 7396 bps, 92.45%, Err 115 (1.0e-005)
1427.545 .... 5154 packets received, 7396 bps, 92.46%, Err 115 (1.0e-005)
1429.662 .... 5162 packets received, 7397 bps, 92.46%, Err 115 (1.0e-005)
1431.768 .... 5170 packets received, 7398 bps, 92.47%, Err 115 (1.0e-005)
1433.884 .... 5178 packets received, 7398 bps, 92.48%, Err 115 (1.0e-005)
1435.995 .... 5186 packets received, 7399 bps, 92.48%, Err 115 (1.0e-005)
1438.098 .... 5194 packets received, 7399 bps, 92.49%, Err 115 (1.0e-005)
1440.215 .... 5202 packets received, 7400 bps, 92.50%, Err 116 (1.0e-005)
1442.337 .... 5209 packets received, 7399 bps, 92.48%, Err 116 (1.0e-005)
1444.452 .... 5217 packets received, 7399 bps, 92.49%, Err 116 (1.0e-005)
1446.562 .... 5225 packets received, 7400 bps, 92.50%, Err 116 (1.0e-005)
1448.678 .... 5233 packets received, 7400 bps, 92.50%, Err 116 (1.0e-005)
1450.791 .... 5241 packets received, 7401 bps, 92.51%, Err 116 (1.0e-005)
1452.902 .... 5249 packets received, 7401 bps, 92.52%, Err 116 (1.0e-005)
1455.018 .... 5257 packets received, 7402 bps, 92.52%, Err 116 (1.0e-005)
1457.940 .... 5263 packets received, 7395 bps, 92.44%, Err 118 (1.0e-005)
1460.035 .... 5274 packets received, 7400 bps, 92.50%, Err 118 (1.0e-005)
1462.152 .... 5282 packets received, 7401 bps, 92.51%, Err 118 (1.0e-005)
1464.259 .... 5290 packets received, 7401 bps, 92.52%, Err 118 (1.0e-005)
1466.378 .... 5298 packets received, 7402 bps, 92.52%, Err 118 (1.0e-005)
1468.526 .... 5306 packets received, 7402 bps, 92.53%, Err 118 (1.0e-005)
1470.591 .... 5314 packets received, 7403 bps, 92.53%, Err 118 (1.0e-005)
1472.711 .... 5322 packets received, 7403 bps, 92.54%, Err 118 (1.0e-005)
1474.819 .... 5330 packets received, 7404 bps, 92.55%, Err 118 (1.0e-005)
1476.944 .... 5338 packets received, 7404 bps, 92.55%, Err 118 (1.0e-005)
1479.049 .... 5346 packets received, 7405 bps, 92.56%, Err 118 (1.0e-005)
1481.185 .... 5354 packets received, 7405 bps, 92.56%, Err 118 (1.0e-005)
1483.294 .... 5362 packets received, 7406 bps, 92.57%, Err 118 (9.9e-006)
1485.393 .... 5370 packets received, 7406 bps, 92.58%, Err 118 (9.9e-006)
1487.498 .... 5378 packets received, 7407 bps, 92.58%, Err 118 (9.9e-006)
1489.621 .... 5386 packets received, 7407 bps, 92.59%, Err 118 (9.9e-006)
1491.731 .... 5394 packets received, 7408 bps, 92.60%, Err 118 (9.9e-006)
1493.840 .... 5402 packets received, 7408 bps, 92.60%, Err 119 (1.0e-005)
1496.999 .... 5407 packets received, 7399 bps, 92.49%, Err 121 (1.0e-005)
1500.194 .... 5415 packets received, 7395 bps, 92.43%, Err 122 (1.0e-005)
1502.826 .... 5428 packets received, 7399 bps, 92.49%, Err 123 (1.0e-005)
1504.928 .... 5438 packets received, 7403 bps, 92.53%, Err 123 (1.0e-005)
1507.041 .... 5446 packets received, 7403 bps, 92.54%, Err 123 (1.0e-005)
1509.166 .... 5454 packets received, 7404 bps, 92.54%, Err 123 (1.0e-005)
1511.338 .... 5462 packets received, 7404 bps, 92.55%, Err 123 (1.0e-005)
1514.196 .... 5469 packets received, 7399 bps, 92.49%, Err 124 (1.0e-005)
1516.291 .... 5480 packets received, 7404 bps, 92.55%, Err 124 (1.0e-005)
1518.415 .... 5488 packets received, 7404 bps, 92.55%, Err 124 (1.0e-005)
1520.522 .... 5496 packets received, 7405 bps, 92.56%, Err 124 (1.0e-005)
1522.618 .... 5504 packets received, 7405 bps, 92.57%, Err 124 (1.0e-005)
1524.744 .... 5512 packets received, 7406 bps, 92.57%, Err 124 (1.0e-005)
1527.639 .... 5519 packets received, 7401 bps, 92.51%, Err 125 (1.0e-005)
1529.753 .... 5530 packets received, 7406 bps, 92.57%, Err 125 (1.0e-005)
1531.871 .... 5538 packets received, 7406 bps, 92.58%, Err 125 (1.0e-005)
1533.976 .... 5546 packets received, 7407 bps, 92.58%, Err 125 (1.0e-005)
1536.092 .... 5554 packets received, 7407 bps, 92.59%, Err 125 (1.0e-005)
1538.208 .... 5562 packets received, 7408 bps, 92.59%, Err 125 (1.0e-005)
1540.312 .... 5570 packets received, 7408 bps, 92.60%, Err 125 (1.0e-005)
1542.440 .... 5578 packets received, 7408 bps, 92.61%, Err 125 (1.0e-005)
1544.528 .... 5586 packets received, 7409 bps, 92.61%, Err 125 (1.0e-005)
1546.657 .... 5594 packets received, 7409 bps, 92.62%, Err 125 (1.0e-005)
1548.760 .... 5602 packets received, 7410 bps, 92.62%, Err 125 (1.0e-005)
1550.874 .... 5610 packets received, 7410 bps, 92.63%, Err 125 (1.0e-005)
1552.989 .... 5618 packets received, 7411 bps, 92.64%, Err 125 (1.0e-005)
1555.086 .... 5626 packets received, 7411 bps, 92.64%, Err 125 (1.0e-005)
1557.201 .... 5634 packets received, 7412 bps, 92.65%, Err 125 (1.0e-005)
1559.327 .... 5642 packets received, 7412 bps, 92.65%, Err 125 (1.0e-005)
1561.420 .... 5650 packets received, 7413 bps, 92.66%, Err 125 (1.0e-005)
1563.547 .... 5658 packets received, 7413 bps, 92.67%, Err 125 (1.0e-005)
1565.649 .... 5666 packets received, 7414 bps, 92.67%, Err 125 (1.0e-005)
1567.794 .... 5674 packets received, 7414 bps, 92.68%, Err 125 (1.0e-005)
1569.869 .... 5682 packets received, 7415 bps, 92.68%, Err 125 (1.0e-005)
1571.982 .... 5690 packets received, 7415 bps, 92.69%, Err 125 (9.9e-006)
1575.160 .... 5697 packets received, 7409 bps, 92.62%, Err 127 (1.0e-005)
1577.267 .... 5708 packets received, 7414 bps, 92.67%, Err 127 (1.0e-005)
1579.388 .... 5716 packets received, 7414 bps, 92.68%, Err 127 (1.0e-005)
1581.500 .... 5724 packets received, 7415 bps, 92.68%, Err 127 (1.0e-005)
1583.615 .... 5732 packets received, 7415 bps, 92.69%, Err 127 (1.0e-005)
1585.724 .... 5740 packets received, 7415 bps, 92.69%, Err 127 (1.0e-005)
1587.836 .... 5748 packets received, 7416 bps, 92.70%, Err 127 (1.0e-005)
1589.952 .... 5756 packets received, 7416 bps, 92.70%, Err 127 (1.0e-005)
1592.061 .... 5764 packets received, 7417 bps, 92.71%, Err 127 (1.0e-005)
1594.165 .... 5771 packets received, 7416 bps, 92.70%, Err 128 (1.0e-005)
1596.287 .... 5779 packets received, 7416 bps, 92.71%, Err 128 (1.0e-005)
1599.443 .... 5787 packets received, 7412 bps, 92.65%, Err 129 (1.0e-005)
1601.557 .... 5798 packets received, 7416 bps, 92.70%, Err 129 (1.0e-005)
1603.678 .... 5806 packets received, 7417 bps, 92.71%, Err 129 (1.0e-005)
1605.797 .... 5814 packets received, 7417 bps, 92.71%, Err 129 (1.0e-005)
1607.904 .... 5822 packets received, 7418 bps, 92.72%, Err 129 (1.0e-005)
1610.015 .... 5830 packets received, 7418 bps, 92.73%, Err 129 (1.0e-005)
1612.137 .... 5838 packets received, 7418 bps, 92.73%, Err 129 (1.0e-005)
1614.247 .... 5846 packets received, 7419 bps, 92.74%, Err 129 (1.0e-005)
1616.901 .... 5851 packets received, 7413 bps, 92.66%, Err 130 (1.0e-005)
1618.998 .... 5863 packets received, 7419 bps, 92.73%, Err 130 (1.0e-005)
1621.122 .... 5871 packets received, 7419 bps, 92.74%, Err 130 (1.0e-005)
1623.233 .... 5879 packets received, 7420 bps, 92.74%, Err 130 (1.0e-005)
1625.260 .... 5886 packets received, 7419 bps, 92.74%, Err 130 (1.0e-005)
1627.474 .... 5895 packets received, 7420 bps, 92.75%, Err 130 (1.0e-005)
1629.592 .... 5903 packets received, 7421 bps, 92.76%, Err 130 (1.0e-005)
1631.706 .... 5911 packets received, 7421 bps, 92.76%, Err 130 (1.0e-005)
1633.807 .... 5919 packets received, 7422 bps, 92.77%, Err 130 (9.9e-006)
1635.915 .... 5927 packets received, 7422 bps, 92.78%, Err 131 (1.0e-005)
1638.022 .... 5935 packets received, 7423 bps, 92.78%, Err 131 (1.0e-005)
1640.145 .... 5943 packets received, 7423 bps, 92.79%, Err 131 (1.0e-005)
1642.269 .... 5951 packets received, 7423 bps, 92.79%, Err 131 (1.0e-005)
1644.399 .... 5959 packets received, 7424 bps, 92.80%, Err 131 (1.0e-005)
1646.496 .... 5967 packets received, 7424 bps, 92.80%, Err 131 (9.9e-006)
1648.607 .... 5975 packets received, 7425 bps, 92.81%, Err 131 (9.9e-006)
1651.760 .... 5982 packets received, 7419 bps, 92.74%, Err 132 (1.0e-005)
1654.143 .... 5990 packets received, 7418 bps, 92.73%, Err 133 (1.0e-005)
1656.255 .... 5997 packets received, 7417 bps, 92.72%, Err 134 (1.0e-005)
1658.358 .... 6009 packets received, 7423 bps, 92.79%, Err 134 (1.0e-005)
1660.486 .... 6017 packets received, 7423 bps, 92.79%, Err 135 (1.0e-005)
1662.610 .... 6025 packets received, 7424 bps, 92.80%, Err 135 (1.0e-005)
1664.709 .... 6033 packets received, 7424 bps, 92.80%, Err 135 (1.0e-005)
1666.819 .... 6041 packets received, 7425 bps, 92.81%, Err 135 (1.0e-005)
1668.923 .... 6049 packets received, 7425 bps, 92.81%, Err 135 (1.0e-005)
1671.041 .... 6057 packets received, 7425 bps, 92.82%, Err 135 (1.0e-005)
1672.594 ** WARNING: System too busy, sleep 15 ms, but be awakened 70 ms later
1673.166 .... 6065 packets received, 7426 bps, 92.82%, Err 135 (1.0e-005)
1675.265 .... 6073 packets received, 7426 bps, 92.83%, Err 135 (1.0e-005)
1677.390 .... 6081 packets received, 7427 bps, 92.83%, Err 135 (1.0e-005)
1679.507 .... 6089 packets received, 7427 bps, 92.84%, Err 135 (1.0e-005)
1681.604 .... 6097 packets received, 7427 bps, 92.84%, Err 135 (1.0e-005)
1683.732 .... 6105 packets received, 7428 bps, 92.85%, Err 135 (1.0e-005)
1685.834 .... 6113 packets received, 7428 bps, 92.85%, Err 135 (1.0e-005)
1687.945 .... 6121 packets received, 7429 bps, 92.86%, Err 135 (1.0e-005)
1690.073 .... 6129 packets received, 7429 bps, 92.86%, Err 135 (1.0e-005)
1692.163 .... 6137 packets received, 7430 bps, 92.87%, Err 135 (1.0e-005)
1694.283 .... 6145 packets received, 7430 bps, 92.87%, Err 135 (1.0e-005)
1696.395 .... 6153 packets received, 7430 bps, 92.88%, Err 136 (1.0e-005)
1703.791 .... 6160 packets received, 7406 bps, 92.58%, Err 138 (1.0e-005)
1705.893 .... 6178 packets received, 7419 bps, 92.74%, Err 138 (1.0e-005)
1708.022 .... 6186 packets received, 7419 bps, 92.74%, Err 138 (1.0e-005)
1710.116 .... 6194 packets received, 7420 bps, 92.75%, Err 138 (1.0e-005)
1712.231 .... 6202 packets received, 7420 bps, 92.75%, Err 138 (1.0e-005)
1714.353 .... 6210 packets received, 7421 bps, 92.76%, Err 138 (1.0e-005)
1716.476 .... 6218 packets received, 7421 bps, 92.76%, Err 138 (1.0e-005)
1718.577 .... 6226 packets received, 7421 bps, 92.77%, Err 138 (1.0e-005)
1720.697 .... 6234 packets received, 7422 bps, 92.77%, Err 138 (1.0e-005)
1722.799 .... 6242 packets received, 7422 bps, 92.78%, Err 138 (1.0e-005)
1724.933 .... 6250 packets received, 7423 bps, 92.78%, Err 138 (1.0e-005)
1727.026 .... 6258 packets received, 7423 bps, 92.79%, Err 138 (1.0e-005)
1729.132 .... 6266 packets received, 7423 bps, 92.79%, Err 138 (1.0e-005)
1731.250 .... 6274 packets received, 7424 bps, 92.80%, Err 138 (1.0e-005)
1733.350 .... 6282 packets received, 7424 bps, 92.80%, Err 138 (1.0e-005)
1735.480 .... 6290 packets received, 7425 bps, 92.81%, Err 138 (9.9e-006)
1737.593 .... 6298 packets received, 7425 bps, 92.81%, Err 138 (9.9e-006)
1740.744 .... 6306 packets received, 7421 bps, 92.76%, Err 140 (1.0e-005)
1742.858 .... 6317 packets received, 7425 bps, 92.81%, Err 140 (1.0e-005)
1744.963 .... 6325 packets received, 7425 bps, 92.82%, Err 140 (1.0e-005)
1747.088 .... 6333 packets received, 7426 bps, 92.82%, Err 140 (1.0e-005)
1749.035 TCP disconnected.
