datalink a 
=========================================================================
                          Station A                                 
-------------------------------------------------------------------------
Protocol.lib, version 3.0, Build: Oct 19 2009 (jiangy@public3.bta.net.cn)
Channel: 8000 bps, 270 ms propagation delay, bit error rate 1.0E-005
Log file "datalink-A.log", TCP port 59144, debug mask 0x00
Station A is waiting for station B on TCP port 59144 ... Done.
New epoch: Tue Dec 01 14:03:25 2009
=========================================================================
Designed by chenchen_07415_071419, build: Dec  1 2009  14:02:59

3.433 .... 3 packets received, 2895 bps, 36.19%, Err 1 (5.2e-005)
5.537 .... 15 packets received, 7269 bps, 90.87%, Err 1 (2.8e-005)
7.649 .... 23 packets received, 7432 bps, 92.90%, Err 1 (1.9e-005)
9.748 .... 31 packets received, 7525 bps, 94.06%, Err 1 (1.4e-005)
11.866 .... 39 packets received, 7567 bps, 94.59%, Err 1 (1.2e-005)
13.979 .... 47 packets received, 7598 bps, 94.98%, Err 1 (9.7e-006)
16.459 ** WARNING: System too busy, sleep 15 ms, but be awakened 91 ms later
17.426 .... 55 packets received, 6990 bps, 87.37%, Err 2 (1.5e-005)
19.544 .... 67 packets received, 7526 bps, 94.07%, Err 2 (1.4e-005)
21.637 .... 75 packets received, 7557 bps, 94.46%, Err 2 (1.2e-005)
23.753 .... 83 packets received, 7574 bps, 94.68%, Err 2 (1.1e-005)
25.882 .... 91 packets received, 7585 bps, 94.81%, Err 2 (1.0e-005)
27.993 .... 99 packets received, 7599 bps, 94.99%, Err 2 (9.3e-006)
30.091 .... 107 packets received, 7614 bps, 95.18%, Err 3 (1.3e-005)
32.215 .... 115 packets received, 7621 bps, 95.26%, Err 3 (1.2e-005)
34.321 .... 123 packets received, 7631 bps, 95.39%, Err 4 (1.5e-005)
36.451 .... 131 packets received, 7635 bps, 95.44%, Err 4 (1.4e-005)
38.570 .... 139 packets received, 7640 bps, 95.50%, Err 4 (1.3e-005)
40.653 .... 147 packets received, 7652 bps, 95.65%, Err 4 (1.3e-005)
42.776 .... 155 packets received, 7656 bps, 95.70%, Err 4 (1.2e-005)
44.887 .... 163 packets received, 7661 bps, 95.76%, Err 4 (1.1e-005)
47.008 .... 171 packets received, 7664 bps, 95.80%, Err 4 (1.1e-005)
49.121 .... 179 packets received, 7668 bps, 95.85%, Err 4 (1.0e-005)
51.225 .... 187 packets received, 7673 bps, 95.91%, Err 4 (1.0e-005)
53.341 .... 195 packets received, 7676 bps, 95.94%, Err 4 (9.6e-006)
55.449 .... 202 packets received, 7642 bps, 95.52%, Err 5 (1.1e-005)
57.567 .... 210 packets received, 7645 bps, 95.56%, Err 5 (1.1e-005)
59.681 .... 218 packets received, 7649 bps, 95.61%, Err 5 (1.1e-005)
61.772 .... 226 packets received, 7655 bps, 95.69%, Err 5 (1.0e-005)
63.884 .... 234 packets received, 7659 bps, 95.73%, Err 5 (9.9e-006)
65.999 .... 242 packets received, 7662 bps, 95.77%, Err 5 (9.6e-006)
68.123 .... 250 packets received, 7663 bps, 95.79%, Err 5 (9.3e-006)
70.231 .... 258 packets received, 7667 bps, 95.83%, Err 5 (9.0e-006)
72.349 .... 266 packets received, 7669 bps, 95.86%, Err 5 (8.8e-006)
74.461 .... 274 packets received, 7671 bps, 95.89%, Err 5 (8.5e-006)
76.567 .... 282 packets received, 7674 bps, 95.93%, Err 5 (8.3e-006)
78.677 .... 290 packets received, 7677 bps, 95.96%, Err 5 (8.1e-006)
80.803 .... 298 packets received, 7678 bps, 95.97%, Err 6 (9.4e-006)
82.916 .... 305 packets received, 7654 bps, 95.68%, Err 7 (1.1e-005)
85.045 .... 313 packets received, 7655 bps, 95.69%, Err 7 (1.0e-005)
87.136 .... 321 packets received, 7660 bps, 95.75%, Err 7 (1.0e-005)
89.779 .... 326 packets received, 7547 bps, 94.33%, Err 8 (1.1e-005)
91.883 .... 338 packets received, 7643 bps, 95.54%, Err 8 (1.1e-005)
94.010 .... 346 packets received, 7644 bps, 95.55%, Err 8 (1.1e-005)
96.123 .... 354 packets received, 7647 bps, 95.58%, Err 8 (1.1e-005)
98.233 .... 362 packets received, 7649 bps, 95.62%, Err 8 (1.0e-005)
100.345 .... 370 packets received, 7652 bps, 95.64%, Err 8 (1.0e-005)
104.451 .... 371 packets received, 7367 bps, 92.08%, Err 8 (1.0e-005)
108.538 .... 372 packets received, 7105 bps, 88.81%, Err 9 (1.1e-005)
112.600 .... 373 packets received, 6864 bps, 85.80%, Err 9 (1.1e-005)
116.713 .... 374 packets received, 6637 bps, 82.97%, Err 9 (1.1e-005)
120.811 .... 375 packets received, 6427 bps, 80.33%, Err 9 (1.1e-005)
125.050 .... 376 packets received, 6223 bps, 77.79%, Err 9 (1.1e-005)
129.152 .... 377 packets received, 6040 bps, 75.49%, Err 9 (1.1e-005)
133.324 .... 378 packets received, 5864 bps, 73.30%, Err 9 (1.1e-005)
137.397 .... 379 packets received, 5704 bps, 71.30%, Err 9 (1.1e-005)
141.478 .... 380 packets received, 5552 bps, 69.40%, Err 9 (1.1e-005)
145.632 .... 381 packets received, 5407 bps, 67.58%, Err 9 (1.1e-005)
149.723 .... 382 packets received, 5271 bps, 65.89%, Err 9 (1.1e-005)
153.935 .... 383 packets received, 5139 bps, 64.24%, Err 9 (1.1e-005)
158.007 .... 384 packets received, 5019 bps, 62.74%, Err 9 (1.1e-005)
162.071 .... 385 packets received, 4905 bps, 61.31%, Err 9 (1.1e-005)
166.119 .... 386 packets received, 4797 bps, 59.96%, Err 9 (1.1e-005)
170.209 .... 387 packets received, 4693 bps, 58.66%, Err 9 (1.1e-005)
174.283 .... 388 packets received, 4594 bps, 57.42%, Err 9 (1.1e-005)
178.339 .... 389 packets received, 4500 bps, 56.25%, Err 9 (1.1e-005)
182.398 .... 390 packets received, 4411 bps, 55.13%, Err 9 (1.1e-005)
186.523 .... 391 packets received, 4324 bps, 54.04%, Err 9 (1.1e-005)
190.599 .... 392 packets received, 4241 bps, 53.02%, Err 9 (1.1e-005)
194.750 .... 393 packets received, 4161 bps, 52.01%, Err 9 (1.1e-005)
198.848 .... 394 packets received, 4085 bps, 51.06%, Err 9 (1.1e-005)
201.081 .... 397 packets received, 4070 bps, 50.87%, Err 9 (1.1e-005)
203.179 .... 405 packets received, 4109 bps, 51.36%, Err 9 (1.0e-005)
206.075 .... 412 packets received, 4121 bps, 51.51%, Err 10 (1.1e-005)
208.197 .... 423 packets received, 4187 bps, 52.34%, Err 10 (1.1e-005)
210.308 .... 431 packets received, 4223 bps, 52.79%, Err 10 (1.1e-005)
212.414 .... 439 packets received, 4259 bps, 53.24%, Err 10 (1.1e-005)
214.539 .... 447 packets received, 4293 bps, 53.67%, Err 10 (1.0e-005)
216.669 .... 455 packets received, 4327 bps, 54.09%, Err 10 (1.0e-005)
218.779 .... 463 packets received, 4360 bps, 54.50%, Err 10 (1.0e-005)
220.882 .... 471 packets received, 4393 bps, 54.91%, Err 10 (9.9e-006)
222.995 .... 479 packets received, 4425 bps, 55.31%, Err 10 (9.7e-006)
225.355 .... 484 packets received, 4424 bps, 55.30%, Err 11 (1.0e-005)
227.464 .... 495 packets received, 4483 bps, 56.03%, Err 11 (1.0e-005)
229.602 .... 503 packets received, 4512 bps, 56.41%, Err 11 (1.0e-005)
231.693 .... 511 packets received, 4543 bps, 56.78%, Err 11 (1.0e-005)
233.833 .... 519 packets received, 4571 bps, 57.14%, Err 11 (9.8e-006)
235.931 .... 527 packets received, 4600 bps, 57.50%, Err 12 (1.1e-005)
238.044 .... 534 packets received, 4620 bps, 57.75%, Err 12 (1.0e-005)
240.165 .... 542 packets received, 4647 bps, 58.09%, Err 12 (1.0e-005)
242.270 .... 550 packets received, 4675 bps, 58.43%, Err 12 (1.0e-005)
244.380 .... 558 packets received, 4701 bps, 58.77%, Err 12 (1.0e-005)
246.506 .... 566 packets received, 4728 bps, 59.09%, Err 12 (9.8e-006)
248.604 .... 574 packets received, 4754 bps, 59.42%, Err 12 (9.7e-006)
250.715 .... 582 packets received, 4779 bps, 59.74%, Err 12 (9.6e-006)
252.848 .... 586 packets received, 4771 bps, 59.64%, Err 13 (1.0e-005)
254.957 .... 597 packets received, 4820 bps, 60.25%, Err 13 (1.0e-005)
257.061 .... 605 packets received, 4845 bps, 60.56%, Err 13 (1.0e-005)
259.181 .... 613 packets received, 4868 bps, 60.86%, Err 13 (9.8e-006)
261.291 .... 621 packets received, 4892 bps, 61.15%, Err 13 (9.7e-006)
263.399 .... 629 packets received, 4915 bps, 61.44%, Err 13 (9.6e-006)
265.524 .... 637 packets received, 4938 bps, 61.72%, Err 13 (9.5e-006)
267.629 .... 645 packets received, 4960 bps, 62.00%, Err 13 (9.4e-006)
270.801 .... 653 packets received, 4962 bps, 62.03%, Err 14 (9.9e-006)
272.908 .... 664 packets received, 5007 bps, 62.59%, Err 14 (9.8e-006)
275.040 .... 672 packets received, 5028 bps, 62.85%, Err 14 (9.7e-006)
277.131 .... 680 packets received, 5049 bps, 63.11%, Err 14 (9.6e-006)
279.254 .... 688 packets received, 5069 bps, 63.37%, Err 14 (9.5e-006)
281.371 .... 696 packets received, 5090 bps, 63.62%, Err 14 (9.3e-006)
283.495 .... 704 packets received, 5109 bps, 63.87%, Err 14 (9.2e-006)
285.610 .... 712 packets received, 5129 bps, 64.11%, Err 14 (9.1e-006)
287.717 .... 720 packets received, 5148 bps, 64.36%, Err 14 (9.0e-006)
289.823 .... 728 packets received, 5168 bps, 64.60%, Err 14 (8.9e-006)
291.943 .... 736 packets received, 5186 bps, 64.83%, Err 14 (8.8e-006)
294.050 .... 744 packets received, 5205 bps, 65.06%, Err 14 (8.8e-006)
296.160 .... 752 packets received, 5223 bps, 65.29%, Err 14 (8.7e-006)
298.262 .... 760 packets received, 5242 bps, 65.52%, Err 14 (8.6e-006)
300.371 .... 768 packets received, 5259 bps, 65.74%, Err 14 (8.5e-006)
304.414 .... 769 packets received, 5196 bps, 64.95%, Err 14 (8.5e-006)
308.535 .... 770 packets received, 5133 bps, 64.16%, Err 14 (8.5e-006)
312.606 .... 771 packets received, 5072 bps, 63.40%, Err 14 (8.5e-006)
317.599 .... 772 packets received, 4999 bps, 62.48%, Err 15 (9.0e-006)
320.810 .... 773 packets received, 4955 bps, 61.94%, Err 15 (9.0e-006)
324.913 .... 774 packets received, 4898 bps, 61.23%, Err 15 (9.0e-006)
329.020 .... 775 packets received, 4843 bps, 60.54%, Err 15 (9.0e-006)
332.769 ** WARNING: System too busy, sleep 15 ms, but be awakened 100 ms later
333.073 .... 776 packets received, 4790 bps, 59.88%, Err 15 (9.0e-006)
334.461 ** WARNING: System too busy, sleep 15 ms, but be awakened 78 ms later
337.202 .... 777 packets received, 4738 bps, 59.22%, Err 15 (9.0e-006)
341.306 .... 778 packets received, 4686 bps, 58.58%, Err 15 (9.0e-006)
345.385 .... 779 packets received, 4637 bps, 57.96%, Err 15 (9.0e-006)
349.428 .... 780 packets received, 4589 bps, 57.36%, Err 15 (8.9e-006)
353.585 .... 781 packets received, 4540 bps, 56.76%, Err 15 (8.9e-006)
357.676 .... 782 packets received, 4494 bps, 56.18%, Err 15 (8.9e-006)
361.808 .... 783 packets received, 4448 bps, 55.60%, Err 15 (8.9e-006)
365.958 .... 784 packets received, 4403 bps, 55.04%, Err 15 (8.9e-006)
370.194 .... 785 packets received, 4358 bps, 54.48%, Err 15 (8.9e-006)
374.289 .... 786 packets received, 4316 bps, 53.95%, Err 15 (8.9e-006)
378.339 .... 787 packets received, 4275 bps, 53.44%, Err 15 (8.9e-006)
382.587 .... 788 packets received, 4233 bps, 52.91%, Err 15 (8.8e-006)
386.690 .... 789 packets received, 4193 bps, 52.41%, Err 15 (8.8e-006)
390.791 .... 790 packets received, 4154 bps, 51.93%, Err 15 (8.8e-006)
394.841 .... 791 packets received, 4117 bps, 51.46%, Err 15 (8.8e-006)
398.893 .... 792 packets received, 4080 bps, 51.00%, Err 15 (8.8e-006)
401.068 .... 795 packets received, 4073 bps, 50.91%, Err 15 (8.8e-006)
403.183 .... 803 packets received, 4092 bps, 51.15%, Err 15 (8.7e-006)
405.292 .... 811 packets received, 4111 bps, 51.39%, Err 15 (8.6e-006)
407.400 .... 819 packets received, 4130 bps, 51.63%, Err 15 (8.5e-006)
409.524 .... 827 packets received, 4149 bps, 51.86%, Err 15 (8.4e-006)
411.632 .... 835 packets received, 4168 bps, 52.10%, Err 15 (8.3e-006)
413.759 .... 843 packets received, 4186 bps, 52.32%, Err 15 (8.3e-006)
415.857 .... 851 packets received, 4204 bps, 52.55%, Err 15 (8.2e-006)
417.961 .... 859 packets received, 4222 bps, 52.78%, Err 15 (8.1e-006)
420.083 .... 867 packets received, 4240 bps, 53.00%, Err 15 (8.0e-006)
422.978 .... 873 packets received, 4240 bps, 53.00%, Err 16 (8.5e-006)
425.108 .... 885 packets received, 4277 bps, 53.46%, Err 16 (8.4e-006)
427.207 .... 893 packets received, 4294 bps, 53.68%, Err 16 (8.3e-006)
429.319 .... 901 packets received, 4311 bps, 53.89%, Err 16 (8.2e-006)
432.743 .... 909 packets received, 4315 bps, 53.94%, Err 17 (8.6e-006)
434.877 .... 921 packets received, 4350 bps, 54.38%, Err 17 (8.6e-006)
438.300 .... 929 packets received, 4354 bps, 54.42%, Err 18 (8.9e-006)
440.412 .... 941 packets received, 4389 bps, 54.86%, Err 18 (8.9e-006)
443.838 .... 949 packets received, 4392 bps, 54.90%, Err 20 (9.7e-006)
445.952 .... 961 packets received, 4426 bps, 55.33%, Err 20 (9.6e-006)
448.070 .... 969 packets received, 4442 bps, 55.53%, Err 20 (9.6e-006)
451.240 .... 976 packets received, 4443 bps, 55.53%, Err 21 (9.9e-006)
453.352 .... 988 packets received, 4476 bps, 55.95%, Err 21 (9.9e-006)
455.460 .... 996 packets received, 4491 bps, 56.14%, Err 21 (9.8e-006)
457.585 .... 1004 packets received, 4506 bps, 56.33%, Err 21 (9.7e-006)
459.688 .... 1012 packets received, 4522 bps, 56.52%, Err 21 (9.6e-006)
462.082 .... 1016 packets received, 4516 bps, 56.45%, Err 22 (1.0e-005)
464.180 .... 1028 packets received, 4548 bps, 56.86%, Err 22 (9.9e-006)
466.291 .... 1036 packets received, 4563 bps, 57.04%, Err 22 (9.8e-006)
469.743 .... 1044 packets received, 4564 bps, 57.06%, Err 24 (1.1e-005)
471.852 .... 1055 packets received, 4592 bps, 57.40%, Err 24 (1.1e-005)
473.951 .... 1063 packets received, 4606 bps, 57.58%, Err 24 (1.0e-005)
476.074 .... 1071 packets received, 4620 bps, 57.75%, Err 24 (1.0e-005)
478.185 .... 1079 packets received, 4634 bps, 57.92%, Err 24 (1.0e-005)
480.304 .... 1087 packets received, 4648 bps, 58.10%, Err 24 (1.0e-005)
482.415 .... 1095 packets received, 4661 bps, 58.27%, Err 24 (1.0e-005)
484.521 .... 1103 packets received, 4675 bps, 58.44%, Err 24 (1.0e-005)
486.649 .... 1111 packets received, 4688 bps, 58.60%, Err 24 (1.0e-005)
488.743 .... 1119 packets received, 4702 bps, 58.77%, Err 24 (9.9e-006)
490.868 .... 1127 packets received, 4715 bps, 58.93%, Err 24 (9.9e-006)
492.980 .... 1135 packets received, 4728 bps, 59.10%, Err 24 (9.8e-006)
495.085 .... 1143 packets received, 4741 bps, 59.26%, Err 24 (9.7e-006)
497.205 .... 1151 packets received, 4754 bps, 59.42%, Err 24 (9.7e-006)
499.332 .... 1159 packets received, 4766 bps, 59.58%, Err 24 (9.6e-006)
504.450 .... 1164 packets received, 4738 bps, 59.22%, Err 24 (9.6e-006)
508.665 .... 1165 packets received, 4703 bps, 58.78%, Err 24 (9.6e-006)
512.770 .... 1166 packets received, 4669 bps, 58.36%, Err 24 (9.6e-006)
516.865 .... 1167 packets received, 4636 bps, 57.95%, Err 24 (9.5e-006)
520.931 .... 1168 packets received, 4603 bps, 57.54%, Err 24 (9.5e-006)
525.966 .... 1169 packets received, 4563 bps, 57.04%, Err 25 (9.9e-006)
529.213 .... 1170 packets received, 4539 bps, 56.74%, Err 25 (9.9e-006)
530.764 ** WARNING: System too busy, sleep 15 ms, but be awakened 67 ms later
533.265 .... 1171 packets received, 4508 bps, 56.35%, Err 25 (9.9e-006)
537.386 .... 1172 packets received, 4477 bps, 55.97%, Err 25 (9.9e-006)
541.451 .... 1173 packets received, 4448 bps, 55.59%, Err 25 (9.9e-006)
545.521 .... 1174 packets received, 4418 bps, 55.23%, Err 25 (9.9e-006)
549.717 .... 1175 packets received, 4388 bps, 54.85%, Err 25 (9.9e-006)
553.818 .... 1176 packets received, 4359 bps, 54.49%, Err 25 (9.9e-006)
557.894 .... 1177 packets received, 4331 bps, 54.14%, Err 25 (9.8e-006)
561.999 .... 1178 packets received, 4303 bps, 53.79%, Err 25 (9.8e-006)
566.159 .... 1179 packets received, 4275 bps, 53.43%, Err 25 (9.8e-006)
570.245 .... 1180 packets received, 4248 bps, 53.10%, Err 25 (9.8e-006)
575.347 .... 1181 packets received, 4213 bps, 52.67%, Err 26 (1.0e-005)
578.568 .... 1182 packets received, 4194 bps, 52.42%, Err 26 (1.0e-005)
582.639 .... 1183 packets received, 4168 bps, 52.10%, Err 26 (1.0e-005)
586.754 .... 1184 packets received, 4142 bps, 51.77%, Err 26 (1.0e-005)
590.863 .... 1185 packets received, 4116 bps, 51.46%, Err 26 (1.0e-005)
594.898 .... 1186 packets received, 4092 bps, 51.15%, Err 26 (1.0e-005)
599.041 .... 1187 packets received, 4067 bps, 50.84%, Err 26 (1.0e-005)
601.073 .... 1190 packets received, 4063 bps, 50.79%, Err 26 (1.0e-005)
603.194 .... 1198 packets received, 4076 bps, 50.95%, Err 26 (1.0e-005)
605.291 .... 1206 packets received, 4089 bps, 51.12%, Err 26 (1.0e-005)
607.435 .... 1213 packets received, 4099 bps, 51.23%, Err 27 (1.0e-005)
609.523 .... 1221 packets received, 4111 bps, 51.39%, Err 27 (1.0e-005)
611.623 .... 1229 packets received, 4124 bps, 51.55%, Err 27 (1.0e-005)
613.738 .... 1237 packets received, 4137 bps, 51.71%, Err 28 (1.0e-005)
615.856 .... 1244 packets received, 4146 bps, 51.82%, Err 28 (1.0e-005)
617.978 .... 1252 packets received, 4158 bps, 51.97%, Err 28 (1.0e-005)
620.076 .... 1260 packets received, 4170 bps, 52.13%, Err 28 (1.0e-005)
622.187 .... 1268 packets received, 4183 bps, 52.28%, Err 28 (1.0e-005)
624.290 .... 1276 packets received, 4195 bps, 52.43%, Err 28 (1.0e-005)
626.416 .... 1284 packets received, 4207 bps, 52.58%, Err 28 (1.0e-005)
628.527 .... 1292 packets received, 4219 bps, 52.73%, Err 28 (1.0e-005)
630.644 .... 1300 packets received, 4231 bps, 52.88%, Err 28 (1.0e-005)
632.745 .... 1307 packets received, 4239 bps, 52.99%, Err 29 (1.0e-005)
634.867 .... 1315 packets received, 4251 bps, 53.14%, Err 29 (1.0e-005)
636.973 .... 1323 packets received, 4262 bps, 53.28%, Err 30 (1.0e-005)
639.098 .... 1331 packets received, 4274 bps, 53.42%, Err 30 (1.0e-005)
641.196 .... 1339 packets received, 4286 bps, 53.57%, Err 30 (1.0e-005)
643.334 .... 1346 packets received, 4294 bps, 53.67%, Err 31 (1.1e-005)
645.448 .... 1354 packets received, 4305 bps, 53.81%, Err 31 (1.1e-005)
647.558 .... 1362 packets received, 4316 bps, 53.95%, Err 31 (1.1e-005)
649.666 .... 1370 packets received, 4328 bps, 54.09%, Err 31 (1.0e-005)
651.775 .... 1378 packets received, 4339 bps, 54.23%, Err 31 (1.0e-005)
653.926 .... 1386 packets received, 4349 bps, 54.37%, Err 31 (1.0e-005)
656.010 .... 1393 packets received, 4358 bps, 54.47%, Err 32 (1.1e-005)
658.114 .... 1401 packets received, 4369 bps, 54.61%, Err 32 (1.1e-005)
660.224 .... 1409 packets received, 4379 bps, 54.74%, Err 32 (1.1e-005)
662.339 .... 1417 packets received, 4390 bps, 54.88%, Err 32 (1.0e-005)
664.461 .... 1425 packets received, 4401 bps, 55.01%, Err 32 (1.0e-005)
666.581 .... 1433 packets received, 4411 bps, 55.14%, Err 32 (1.0e-005)
668.698 .... 1441 packets received, 4422 bps, 55.27%, Err 32 (1.0e-005)
670.810 .... 1449 packets received, 4432 bps, 55.41%, Err 32 (1.0e-005)
672.920 .... 1457 packets received, 4443 bps, 55.54%, Err 33 (1.0e-005)
675.028 .... 1464 packets received, 4450 bps, 55.63%, Err 33 (1.0e-005)
677.146 .... 1472 packets received, 4461 bps, 55.76%, Err 33 (1.0e-005)
679.245 .... 1480 packets received, 4471 bps, 55.89%, Err 33 (1.0e-005)
681.362 .... 1488 packets received, 4481 bps, 56.01%, Err 33 (1.0e-005)
683.495 .... 1496 packets received, 4491 bps, 56.14%, Err 33 (1.0e-005)
686.652 .... 1504 packets received, 4494 bps, 56.18%, Err 34 (1.0e-005)
688.776 .... 1515 packets received, 4513 bps, 56.42%, Err 34 (1.0e-005)
690.903 .... 1523 packets received, 4523 bps, 56.54%, Err 34 (1.0e-005)
692.999 .... 1531 packets received, 4533 bps, 56.66%, Err 34 (1.0e-005)
695.140 .... 1539 packets received, 4543 bps, 56.78%, Err 34 (1.0e-005)
697.222 .... 1547 packets received, 4553 bps, 56.91%, Err 34 (1.0e-005)
699.340 .... 1555 packets received, 4562 bps, 57.03%, Err 34 (1.0e-005)
704.481 .... 1560 packets received, 4544 bps, 56.79%, Err 34 (1.0e-005)
708.577 .... 1561 packets received, 4520 bps, 56.50%, Err 34 (1.0e-005)
712.600 .... 1562 packets received, 4497 bps, 56.22%, Err 34 (1.0e-005)
716.779 .... 1563 packets received, 4474 bps, 55.93%, Err 34 (1.0e-005)
720.835 .... 1564 packets received, 4452 bps, 55.65%, Err 34 (1.0e-005)
724.958 .... 1565 packets received, 4429 bps, 55.36%, Err 34 (1.0e-005)
728.979 .... 1566 packets received, 4407 bps, 55.09%, Err 34 (1.0e-005)
733.116 .... 1567 packets received, 4385 bps, 54.82%, Err 34 (1.0e-005)
737.202 .... 1568 packets received, 4364 bps, 54.55%, Err 34 (1.0e-005)
741.256 .... 1569 packets received, 4343 bps, 54.28%, Err 34 (1.0e-005)
745.323 .... 1570 packets received, 4322 bps, 54.02%, Err 34 (1.0e-005)
749.358 .... 1571 packets received, 4301 bps, 53.76%, Err 34 (1.0e-005)
753.512 .... 1572 packets received, 4280 bps, 53.50%, Err 34 (1.0e-005)
757.643 .... 1573 packets received, 4259 bps, 53.24%, Err 34 (1.0e-005)
761.669 .... 1574 packets received, 4240 bps, 52.99%, Err 34 (1.0e-005)
765.842 .... 1575 packets received, 4219 bps, 52.74%, Err 34 (1.0e-005)
770.010 .... 1576 packets received, 4199 bps, 52.49%, Err 34 (1.0e-005)
774.116 .... 1577 packets received, 4179 bps, 52.24%, Err 34 (1.0e-005)
778.184 .... 1578 packets received, 4160 bps, 52.00%, Err 34 (1.0e-005)
782.290 .... 1579 packets received, 4141 bps, 51.76%, Err 34 (1.0e-005)
786.367 .... 1580 packets received, 4122 bps, 51.52%, Err 34 (1.0e-005)
790.418 .... 1581 packets received, 4103 bps, 51.29%, Err 34 (1.0e-005)
792.897 ** WARNING: System too busy, sleep 15 ms, but be awakened 75 ms later
794.543 .... 1582 packets received, 4084 bps, 51.06%, Err 34 (9.9e-006)
798.592 .... 1583 packets received, 4066 bps, 50.83%, Err 34 (9.9e-006)
800.810 .... 1585 packets received, 4060 bps, 50.75%, Err 34 (9.9e-006)
802.927 .... 1593 packets received, 4070 bps, 50.87%, Err 34 (9.9e-006)
805.030 .... 1600 packets received, 4077 bps, 50.96%, Err 35 (1.0e-005)
807.166 .... 1608 packets received, 4087 bps, 51.08%, Err 35 (1.0e-005)
809.277 .... 1616 packets received, 4096 bps, 51.20%, Err 35 (1.0e-005)
811.418 .... 1624 packets received, 4106 bps, 51.32%, Err 35 (1.0e-005)
813.511 .... 1632 packets received, 4115 bps, 51.44%, Err 35 (9.9e-006)
815.629 .... 1640 packets received, 4125 bps, 51.56%, Err 35 (9.9e-006)
817.731 .... 1648 packets received, 4134 bps, 51.68%, Err 35 (9.8e-006)
819.868 .... 1656 packets received, 4143 bps, 51.79%, Err 35 (9.8e-006)
821.965 .... 1664 packets received, 4153 bps, 51.91%, Err 35 (9.7e-006)
824.072 .... 1672 packets received, 4162 bps, 52.02%, Err 36 (1.0e-005)
827.232 .... 1679 packets received, 4163 bps, 52.04%, Err 37 (1.0e-005)
829.357 .... 1691 packets received, 4182 bps, 52.28%, Err 37 (1.0e-005)
831.446 .... 1694 packets received, 4179 bps, 52.24%, Err 38 (1.0e-005)
833.264 ** WARNING: System too busy, sleep 15 ms, but be awakened 87 ms later
834.900 .... 1706 packets received, 4191 bps, 52.39%, Err 39 (1.1e-005)
837.034 .... 1718 packets received, 4210 bps, 52.63%, Err 39 (1.0e-005)
839.102 .... 1726 packets received, 4219 bps, 52.74%, Err 39 (1.0e-005)
841.244 .... 1734 packets received, 4228 bps, 52.85%, Err 39 (1.0e-005)
842.998 ** WARNING: System too busy, sleep 15 ms, but be awakened 171 ms later
843.339 .... 1742 packets received, 4237 bps, 52.96%, Err 39 (1.0e-005)
845.463 .... 1750 packets received, 4246 bps, 53.07%, Err 40 (1.1e-005)
847.617 .... 1758 packets received, 4254 bps, 53.18%, Err 40 (1.1e-005)
848.691 ** WARNING: System too busy, sleep 15 ms, but be awakened 68 ms later
850.493 .... 1764 packets received, 4254 bps, 53.18%, Err 41 (1.1e-005)
852.596 .... 1776 packets received, 4273 bps, 53.41%, Err 41 (1.1e-005)
855.764 .... 1783 packets received, 4274 bps, 53.42%, Err 42 (1.1e-005)
857.871 .... 1795 packets received, 4292 bps, 53.65%, Err 42 (1.1e-005)
859.970 .... 1803 packets received, 4300 bps, 53.75%, Err 42 (1.1e-005)
862.106 .... 1811 packets received, 4309 bps, 53.86%, Err 43 (1.1e-005)
864.196 .... 1818 packets received, 4315 bps, 53.94%, Err 43 (1.1e-005)
866.324 .... 1826 packets received, 4323 bps, 54.04%, Err 43 (1.1e-005)
868.442 .... 1834 packets received, 4332 bps, 54.14%, Err 43 (1.1e-005)
870.556 .... 1842 packets received, 4340 bps, 54.25%, Err 43 (1.1e-005)
872.655 .... 1850 packets received, 4348 bps, 54.35%, Err 43 (1.1e-005)
874.760 .... 1858 packets received, 4357 bps, 54.46%, Err 43 (1.1e-005)
876.887 .... 1866 packets received, 4365 bps, 54.56%, Err 43 (1.1e-005)
879.011 .... 1874 packets received, 4373 bps, 54.66%, Err 43 (1.1e-005)
881.106 .... 1882 packets received, 4381 bps, 54.76%, Err 43 (1.1e-005)
883.222 .... 1890 packets received, 4389 bps, 54.86%, Err 43 (1.1e-005)
885.341 .... 1898 packets received, 4397 bps, 54.96%, Err 43 (1.0e-005)
887.445 .... 1906 packets received, 4405 bps, 55.06%, Err 43 (1.0e-005)
889.561 .... 1914 packets received, 4413 bps, 55.16%, Err 43 (1.0e-005)
891.666 .... 1922 packets received, 4421 bps, 55.26%, Err 43 (1.0e-005)
893.801 .... 1930 packets received, 4429 bps, 55.36%, Err 43 (1.0e-005)
895.889 .... 1938 packets received, 4437 bps, 55.46%, Err 43 (1.0e-005)
898.022 .... 1946 packets received, 4444 bps, 55.56%, Err 43 (1.0e-005)
900.124 .... 1954 packets received, 4452 bps, 55.65%, Err 43 (1.0e-005)
904.409 .... 1956 packets received, 4436 bps, 55.45%, Err 43 (1.0e-005)
908.569 .... 1957 packets received, 4418 bps, 55.22%, Err 43 (1.0e-005)
912.697 .... 1958 packets received, 4400 bps, 55.00%, Err 43 (1.0e-005)
916.777 .... 1959 packets received, 4383 bps, 54.78%, Err 43 (1.0e-005)
920.932 .... 1960 packets received, 4365 bps, 54.56%, Err 43 (1.0e-005)
924.994 .... 1961 packets received, 4348 bps, 54.35%, Err 43 (1.0e-005)
929.208 .... 1962 packets received, 4330 bps, 54.13%, Err 43 (1.0e-005)
933.327 .... 1963 packets received, 4313 bps, 53.92%, Err 43 (1.0e-005)
937.508 .... 1964 packets received, 4296 bps, 53.70%, Err 43 (1.0e-005)
941.729 .... 1965 packets received, 4279 bps, 53.49%, Err 43 (1.0e-005)
945.817 .... 1966 packets received, 4263 bps, 53.29%, Err 43 (1.0e-005)
948.419 ** WARNING: System too busy, sleep 15 ms, but be awakened 67 ms later
949.889 .... 1967 packets received, 4247 bps, 53.08%, Err 43 (1.0e-005)
953.979 .... 1968 packets received, 4231 bps, 52.88%, Err 43 (1.0e-005)
958.041 .... 1969 packets received, 4215 bps, 52.69%, Err 43 (1.0e-005)
962.183 .... 1970 packets received, 4199 bps, 52.49%, Err 43 (1.0e-005)
966.208 .... 1971 packets received, 4183 bps, 52.29%, Err 43 (1.0e-005)
970.280 .... 1972 packets received, 4168 bps, 52.10%, Err 43 (1.0e-005)
974.418 .... 1973 packets received, 4152 bps, 51.90%, Err 43 (1.0e-005)
978.572 .... 1974 packets received, 4137 bps, 51.71%, Err 43 (1.0e-005)
982.730 .... 1975 packets received, 4121 bps, 51.52%, Err 43 (1.0e-005)
986.509 ** WARNING: System too busy, sleep 15 ms, but be awakened 78 ms later
986.795 .... 1976 packets received, 4106 bps, 51.33%, Err 43 (1.0e-005)
988.808 ** WARNING: System too busy, sleep 15 ms, but be awakened 80 ms later
990.807 .... 1977 packets received, 4092 bps, 51.15%, Err 43 (1.0e-005)
995.044 .... 1978 packets received, 4076 bps, 50.96%, Err 43 (1.0e-005)
999.166 .... 1979 packets received, 4062 bps, 50.77%, Err 43 (1.0e-005)
1002.380 .... 1983 packets received, 4057 bps, 50.71%, Err 44 (1.0e-005)
1004.515 .... 1994 packets received, 4071 bps, 50.88%, Err 44 (1.0e-005)
1006.625 .... 2002 packets received, 4078 bps, 50.98%, Err 44 (1.0e-005)
1008.755 .... 2010 packets received, 4086 bps, 51.08%, Err 44 (1.0e-005)
1010.873 .... 2018 packets received, 4094 bps, 51.17%, Err 44 (1.0e-005)
1012.958 .... 2026 packets received, 4101 bps, 51.27%, Err 44 (1.0e-005)
1015.070 .... 2034 packets received, 4109 bps, 51.36%, Err 44 (1.0e-005)
1017.169 .... 2042 packets received, 4117 bps, 51.46%, Err 44 (1.0e-005)
1019.291 .... 2050 packets received, 4124 bps, 51.55%, Err 44 (9.9e-006)
1021.410 .... 2058 packets received, 4132 bps, 51.65%, Err 44 (9.9e-006)
1023.525 .... 2066 packets received, 4139 bps, 51.74%, Err 44 (9.9e-006)
1025.637 .... 2074 packets received, 4147 bps, 51.83%, Err 44 (9.8e-006)
1027.747 .... 2082 packets received, 4154 bps, 51.93%, Err 44 (9.8e-006)
1029.890 .... 2090 packets received, 4161 bps, 52.02%, Err 44 (9.7e-006)
1032.231 .... 2094 packets received, 4160 bps, 52.00%, Err 45 (9.9e-006)
1034.350 .... 2106 packets received, 4175 bps, 52.19%, Err 45 (9.9e-006)
1036.482 .... 2114 packets received, 4182 bps, 52.28%, Err 45 (9.8e-006)
1038.613 .... 2122 packets received, 4190 bps, 52.37%, Err 45 (9.8e-006)
1041.544 .... 2125 packets received, 4184 bps, 52.30%, Err 47 (1.0e-005)
1043.929 .... 2136 packets received, 4196 bps, 52.45%, Err 48 (1.0e-005)
1046.059 .... 2147 packets received, 4209 bps, 52.61%, Err 48 (1.0e-005)
1048.195 .... 2155 packets received, 4216 bps, 52.70%, Err 48 (1.0e-005)
1050.304 .... 2162 packets received, 4221 bps, 52.76%, Err 49 (1.0e-005)
1052.431 .... 2169 packets received, 4226 bps, 52.83%, Err 50 (1.1e-005)
1054.568 .... 2177 packets received, 4233 bps, 52.91%, Err 50 (1.1e-005)
1056.681 .... 2185 packets received, 4240 bps, 53.00%, Err 50 (1.1e-005)
1058.801 .... 2193 packets received, 4247 bps, 53.09%, Err 50 (1.1e-005)
1060.422 ** WARNING: System too busy, sleep 15 ms, but be awakened 82 ms later
1060.920 .... 2201 packets received, 4254 bps, 53.18%, Err 50 (1.0e-005)
1063.201 .... 2209 packets received, 4260 bps, 53.25%, Err 50 (1.0e-005)
1066.216 .... 2217 packets received, 4264 bps, 53.30%, Err 51 (1.1e-005)
1068.338 .... 2228 packets received, 4276 bps, 53.45%, Err 51 (1.1e-005)
1070.430 .... 2236 packets received, 4283 bps, 53.54%, Err 51 (1.1e-005)
1072.563 .... 2244 packets received, 4290 bps, 53.63%, Err 51 (1.0e-005)
1074.666 .... 2252 packets received, 4297 bps, 53.71%, Err 51 (1.0e-005)
1076.779 .... 2260 packets received, 4304 bps, 53.80%, Err 51 (1.0e-005)
1078.894 .... 2268 packets received, 4310 bps, 53.88%, Err 51 (1.0e-005)
1081.002 .... 2276 packets received, 4317 bps, 53.97%, Err 51 (1.0e-005)
1083.116 .... 2284 packets received, 4324 bps, 54.05%, Err 51 (1.0e-005)
1085.249 .... 2292 packets received, 4331 bps, 54.13%, Err 51 (1.0e-005)
1087.341 .... 2300 packets received, 4337 bps, 54.22%, Err 51 (1.0e-005)
1089.458 .... 2308 packets received, 4344 bps, 54.30%, Err 51 (1.0e-005)
1091.592 ** WARNING: System too busy, sleep 15 ms, but be awakened 74 ms later
1091.627 .... 2315 packets received, 4348 bps, 54.35%, Err 52 (1.0e-005)
1093.665 .... 2323 packets received, 4355 bps, 54.44%, Err 52 (1.0e-005)
1095.783 .... 2331 packets received, 4362 bps, 54.52%, Err 52 (1.0e-005)
1096.791 ** WARNING: System too busy, sleep 15 ms, but be awakened 99 ms later
1097.898 .... 2339 packets received, 4368 bps, 54.60%, Err 52 (1.0e-005)
1100.008 .... 2347 packets received, 4375 bps, 54.69%, Err 52 (1.0e-005)
1104.585 .... 2350 packets received, 4362 bps, 54.53%, Err 52 (1.0e-005)
1108.703 .... 2351 packets received, 4348 bps, 54.35%, Err 52 (1.0e-005)
1112.731 .... 2352 packets received, 4334 bps, 54.18%, Err 52 (1.0e-005)
1116.877 .... 2353 packets received, 4320 bps, 54.00%, Err 52 (1.0e-005)
1121.009 .... 2354 packets received, 4306 bps, 53.82%, Err 52 (1.0e-005)
1122.510 ** WARNING: System too busy, sleep 15 ms, but be awakened 92 ms later
1125.123 .... 2355 packets received, 4292 bps, 53.65%, Err 52 (1.0e-005)
1129.170 .... 2356 packets received, 4278 bps, 53.48%, Err 52 (1.0e-005)
1133.304 .... 2357 packets received, 4264 bps, 53.30%, Err 52 (1.0e-005)
1137.429 .... 2358 packets received, 4251 bps, 53.13%, Err 52 (1.0e-005)
1141.631 .... 2359 packets received, 4237 bps, 52.96%, Err 52 (1.0e-005)
1145.661 .... 2360 packets received, 4224 bps, 52.80%, Err 52 (1.0e-005)
1149.793 .... 2361 packets received, 4210 bps, 52.63%, Err 52 (1.0e-005)
1153.874 .... 2362 packets received, 4197 bps, 52.46%, Err 52 (1.0e-005)
1157.976 .... 2363 packets received, 4184 bps, 52.30%, Err 52 (1.0e-005)
1162.029 .... 2364 packets received, 4171 bps, 52.14%, Err 52 (1.0e-005)
1166.080 .... 2365 packets received, 4158 bps, 51.98%, Err 52 (1.0e-005)
1170.235 .... 2366 packets received, 4145 bps, 51.82%, Err 52 (1.0e-005)
1174.216 .... 2367 packets received, 4133 bps, 51.66%, Err 52 (1.0e-005)
1178.318 .... 2368 packets received, 4120 bps, 51.50%, Err 52 (1.0e-005)
1182.353 .... 2369 packets received, 4108 bps, 51.35%, Err 52 (1.0e-005)
1186.460 .... 2370 packets received, 4095 bps, 51.19%, Err 52 (1.0e-005)
1190.582 .... 2371 packets received, 4083 bps, 51.04%, Err 52 (1.0e-005)
1194.614 .... 2372 packets received, 4071 bps, 50.89%, Err 52 (1.0e-005)
1198.670 .... 2373 packets received, 4059 bps, 50.74%, Err 52 (1.0e-005)
1200.803 .... 2375 packets received, 4055 bps, 50.69%, Err 52 (1.0e-005)
1202.926 .... 2383 packets received, 4062 bps, 50.77%, Err 52 (1.0e-005)
1205.029 .... 2391 packets received, 4068 bps, 50.85%, Err 52 (1.0e-005)
1207.154 .... 2399 packets received, 4074 bps, 50.93%, Err 52 (1.0e-005)
1209.274 .... 2407 packets received, 4081 bps, 51.01%, Err 52 (1.0e-005)
1211.383 .... 2414 packets received, 4086 bps, 51.07%, Err 53 (1.0e-005)
1213.488 .... 2422 packets received, 4092 bps, 51.15%, Err 53 (1.0e-005)
1215.614 .... 2430 packets received, 4098 bps, 51.23%, Err 53 (1.0e-005)
1217.727 .... 2438 packets received, 4105 bps, 51.31%, Err 54 (1.0e-005)
1219.824 .... 2446 packets received, 4111 bps, 51.39%, Err 54 (1.0e-005)
1221.945 .... 2454 packets received, 4117 bps, 51.47%, Err 54 (1.0e-005)
1224.061 .... 2462 packets received, 4124 bps, 51.55%, Err 54 (1.0e-005)
1226.186 .... 2470 packets received, 4130 bps, 51.62%, Err 54 (1.0e-005)
1228.292 .... 2478 packets received, 4136 bps, 51.70%, Err 54 (1.0e-005)
1230.400 .... 2486 packets received, 4142 bps, 51.78%, Err 54 (1.0e-005)
1232.511 .... 2494 packets received, 4149 bps, 51.86%, Err 54 (1.0e-005)
1234.622 .... 2502 packets received, 4155 bps, 51.93%, Err 54 (1.0e-005)
1236.743 .... 2509 packets received, 4159 bps, 51.99%, Err 55 (1.0e-005)
1238.852 .... 2517 packets received, 4165 bps, 52.07%, Err 55 (1.0e-005)
1240.961 .... 2525 packets received, 4172 bps, 52.14%, Err 55 (1.0e-005)
1243.073 .... 2533 packets received, 4178 bps, 52.22%, Err 55 (1.0e-005)
1245.196 .... 2541 packets received, 4184 bps, 52.30%, Err 55 (1.0e-005)
1247.295 .... 2549 packets received, 4190 bps, 52.37%, Err 55 (1.0e-005)
1249.417 .... 2557 packets received, 4196 bps, 52.45%, Err 55 (9.9e-006)
1251.540 .... 2565 packets received, 4202 bps, 52.52%, Err 55 (9.9e-006)
1253.647 .... 2573 packets received, 4208 bps, 52.60%, Err 55 (9.9e-006)
1255.771 .... 2581 packets received, 4214 bps, 52.67%, Err 55 (9.9e-006)
1257.880 .... 2589 packets received, 4220 bps, 52.75%, Err 55 (9.8e-006)
1259.992 .... 2597 packets received, 4226 bps, 52.82%, Err 55 (9.8e-006)
1262.100 .... 2604 packets received, 4230 bps, 52.87%, Err 56 (9.9e-006)
1264.213 .... 2612 packets received, 4236 bps, 52.95%, Err 56 (9.9e-006)
1266.340 .... 2620 packets received, 4242 bps, 53.02%, Err 56 (9.9e-006)
1269.255 .... 2627 packets received, 4243 bps, 53.04%, Err 57 (1.0e-005)
1271.352 .... 2638 packets received, 4254 bps, 53.17%, Err 58 (1.0e-005)
1273.456 .... 2645 packets received, 4258 bps, 53.23%, Err 58 (1.0e-005)
1275.564 .... 2653 packets received, 4264 bps, 53.30%, Err 58 (1.0e-005)
1277.684 .... 2657 packets received, 4263 bps, 53.29%, Err 59 (1.0e-005)
1279.804 .... 2668 packets received, 4274 bps, 53.42%, Err 59 (1.0e-005)
1281.913 .... 2676 packets received, 4280 bps, 53.49%, Err 59 (1.0e-005)
1284.011 .... 2684 packets received, 4285 bps, 53.57%, Err 59 (1.0e-005)
1286.145 .... 2692 packets received, 4291 bps, 53.64%, Err 59 (1.0e-005)
1288.268 .... 2700 packets received, 4297 bps, 53.71%, Err 59 (1.0e-005)
1290.357 .... 2708 packets received, 4302 bps, 53.78%, Err 59 (1.0e-005)
1292.474 .... 2716 packets received, 4308 bps, 53.85%, Err 59 (1.0e-005)
1294.576 .... 2720 packets received, 4307 bps, 53.84%, Err 60 (1.0e-005)
1296.695 .... 2731 packets received, 4318 bps, 53.97%, Err 60 (1.0e-005)
1298.802 .... 2739 packets received, 4323 bps, 54.04%, Err 60 (1.0e-005)
1304.465 .... 2746 packets received, 4316 bps, 53.94%, Err 60 (1.0e-005)
1308.616 .... 2747 packets received, 4303 bps, 53.79%, Err 60 (1.0e-005)
1312.702 .... 2748 packets received, 4292 bps, 53.64%, Err 60 (1.0e-005)
1316.837 .... 2749 packets received, 4280 bps, 53.50%, Err 61 (1.0e-005)
1320.864 .... 2750 packets received, 4268 bps, 53.35%, Err 61 (1.0e-005)
1324.952 .... 2751 packets received, 4256 bps, 53.21%, Err 61 (1.0e-005)
1329.170 .... 2752 packets received, 4244 bps, 53.06%, Err 61 (1.0e-005)
1333.249 .... 2753 packets received, 4233 bps, 52.91%, Err 61 (1.0e-005)
1337.309 .... 2754 packets received, 4222 bps, 52.77%, Err 61 (1.0e-005)
1341.348 .... 2755 packets received, 4211 bps, 52.63%, Err 61 (1.0e-005)
1345.392 .... 2756 packets received, 4199 bps, 52.49%, Err 61 (1.0e-005)
1349.489 .... 2757 packets received, 4188 bps, 52.35%, Err 61 (1.0e-005)
1353.728 .... 2758 packets received, 4177 bps, 52.21%, Err 61 (1.0e-005)
1357.713 .... 2759 packets received, 4166 bps, 52.07%, Err 61 (1.0e-005)
1361.805 .... 2760 packets received, 4155 bps, 51.93%, Err 61 (1.0e-005)
1365.947 .... 2761 packets received, 4144 bps, 51.80%, Err 61 (1.0e-005)
1370.094 .... 2762 packets received, 4133 bps, 51.66%, Err 61 (1.0e-005)
1374.164 .... 2763 packets received, 4122 bps, 51.52%, Err 61 (1.0e-005)
1378.263 .... 2764 packets received, 4111 bps, 51.39%, Err 61 (1.0e-005)
1382.413 .... 2765 packets received, 4100 bps, 51.25%, Err 61 (1.0e-005)
1386.496 .... 2766 packets received, 4090 bps, 51.12%, Err 61 (1.0e-005)
1390.556 .... 2767 packets received, 4079 bps, 50.99%, Err 61 (1.0e-005)
1394.651 .... 2768 packets received, 4069 bps, 50.86%, Err 61 (1.0e-005)
1398.792 .... 2769 packets received, 4058 bps, 50.72%, Err 61 (1.0e-005)
1400.811 .... 2771 packets received, 4055 bps, 50.69%, Err 61 (1.0e-005)
1402.900 .... 2779 packets received, 4061 bps, 50.76%, Err 61 (1.0e-005)
1405.012 .... 2787 packets received, 4066 bps, 50.83%, Err 61 (1.0e-005)
1407.134 .... 2795 packets received, 4072 bps, 50.90%, Err 61 (1.0e-005)
1409.249 .... 2803 packets received, 4077 bps, 50.97%, Err 61 (1.0e-005)
1411.356 .... 2811 packets received, 4083 bps, 51.03%, Err 61 (1.0e-005)
1414.277 .... 2817 packets received, 4083 bps, 51.04%, Err 62 (1.0e-005)
1416.445 .... 2829 packets received, 4094 bps, 51.18%, Err 62 (1.0e-005)
1418.550 .... 2837 packets received, 4100 bps, 51.25%, Err 62 (1.0e-005)
1420.666 .... 2845 packets received, 4105 bps, 51.31%, Err 62 (1.0e-005)
1422.888 .... 2853 packets received, 4110 bps, 51.38%, Err 63 (1.0e-005)
1424.904 .... 2860 packets received, 4114 bps, 51.43%, Err 63 (1.0e-005)
1427.005 .... 2868 packets received, 4120 bps, 51.50%, Err 63 (1.0e-005)
1429.118 .... 2876 packets received, 4125 bps, 51.57%, Err 63 (1.0e-005)
1431.225 .... 2884 packets received, 4131 bps, 51.63%, Err 63 (1.0e-005)
1433.338 .... 2892 packets received, 4136 bps, 51.70%, Err 63 (1.0e-005)
1435.454 .... 2900 packets received, 4141 bps, 51.77%, Err 63 (1.0e-005)
1438.590 .... 2907 packets received, 4142 bps, 51.78%, Err 64 (1.0e-005)
1440.729 .... 2919 packets received, 4153 bps, 51.91%, Err 65 (1.0e-005)
1442.894 .... 2927 packets received, 4158 bps, 51.98%, Err 65 (1.0e-005)
1445.757 .... 2933 packets received, 4159 bps, 51.98%, Err 66 (1.0e-005)
1447.866 .... 2945 packets received, 4169 bps, 52.12%, Err 66 (1.0e-005)
1449.980 .... 2953 packets received, 4175 bps, 52.18%, Err 66 (1.0e-005)
1452.102 .... 2961 packets received, 4180 bps, 52.25%, Err 66 (1.0e-005)
1454.208 .... 2969 packets received, 4185 bps, 52.31%, Err 66 (1.0e-005)
1456.595 .... 2973 packets received, 4184 bps, 52.30%, Err 67 (1.0e-005)
1458.700 .... 2985 packets received, 4195 bps, 52.43%, Err 68 (1.1e-005)
1460.808 .... 2993 packets received, 4200 bps, 52.50%, Err 68 (1.1e-005)
1462.919 .... 3001 packets received, 4205 bps, 52.56%, Err 68 (1.0e-005)
1465.043 .... 3009 packets received, 4210 bps, 52.63%, Err 68 (1.0e-005)
1467.154 .... 3017 packets received, 4215 bps, 52.69%, Err 68 (1.0e-005)
1469.261 .... 3025 packets received, 4220 bps, 52.75%, Err 68 (1.0e-005)
1471.636 .... 3029 packets received, 4219 bps, 52.74%, Err 69 (1.1e-005)
1473.770 .... 3041 packets received, 4230 bps, 52.87%, Err 69 (1.0e-005)
1475.877 .... 3049 packets received, 4235 bps, 52.93%, Err 69 (1.0e-005)
1477.971 .... 3057 packets received, 4240 bps, 53.00%, Err 69 (1.0e-005)
1480.088 .... 3065 packets received, 4245 bps, 53.06%, Err 69 (1.0e-005)
1482.204 .... 3073 packets received, 4250 bps, 53.12%, Err 70 (1.1e-005)
1484.311 .... 3080 packets received, 4253 bps, 53.17%, Err 70 (1.1e-005)
1486.430 .... 3088 packets received, 4258 bps, 53.23%, Err 70 (1.0e-005)
1488.549 .... 3096 packets received, 4263 bps, 53.29%, Err 70 (1.0e-005)
1490.655 .... 3104 packets received, 4268 bps, 53.35%, Err 70 (1.0e-005)
1492.753 .... 3112 packets received, 4273 bps, 53.42%, Err 70 (1.0e-005)
1494.884 .... 3120 packets received, 4278 bps, 53.48%, Err 70 (1.0e-005)
1496.997 .... 3128 packets received, 4283 bps, 53.54%, Err 70 (1.0e-005)
1499.112 .... 3136 packets received, 4288 bps, 53.60%, Err 71 (1.0e-005)
1504.577 .... 3142 packets received, 4281 bps, 53.51%, Err 71 (1.0e-005)
1508.749 .... 3143 packets received, 4270 bps, 53.38%, Err 71 (1.0e-005)
1512.837 .... 3144 packets received, 4260 bps, 53.25%, Err 71 (1.0e-005)
1516.941 .... 3145 packets received, 4250 bps, 53.12%, Err 71 (1.0e-005)
1520.992 .... 3146 packets received, 4240 bps, 53.00%, Err 71 (1.0e-005)
1521.379 ** WARNING: System too busy, sleep 15 ms, but be awakened 71 ms later
1525.182 .... 3147 packets received, 4229 bps, 52.87%, Err 71 (1.0e-005)
1526.960 ** WARNING: System too busy, sleep 15 ms, but be awakened 86 ms later
1529.273 .... 3148 packets received, 4219 bps, 52.74%, Err 71 (1.0e-005)
1533.366 .... 3149 packets received, 4209 bps, 52.62%, Err 71 (1.0e-005)
1537.486 .... 3150 packets received, 4200 bps, 52.49%, Err 71 (1.0e-005)
1541.569 .... 3151 packets received, 4190 bps, 52.37%, Err 71 (1.0e-005)
1545.699 .... 3152 packets received, 4180 bps, 52.25%, Err 71 (1.0e-005)
1549.822 .... 3153 packets received, 4170 bps, 52.13%, Err 71 (1.0e-005)
1553.985 .... 3154 packets received, 4160 bps, 52.00%, Err 71 (1.0e-005)
1558.106 .... 3155 packets received, 4150 bps, 51.88%, Err 71 (1.0e-005)
1562.105 .... 3156 packets received, 4141 bps, 51.76%, Err 71 (1.0e-005)
1566.249 .... 3157 packets received, 4131 bps, 51.64%, Err 71 (1.0e-005)
1570.315 .... 3158 packets received, 4122 bps, 51.53%, Err 71 (1.0e-005)
1574.356 .... 3159 packets received, 4113 bps, 51.41%, Err 72 (1.1e-005)
1578.387 .... 3160 packets received, 4104 bps, 51.29%, Err 72 (1.1e-005)
1582.553 .... 3161 packets received, 4094 bps, 51.18%, Err 72 (1.1e-005)
1586.638 .... 3162 packets received, 4085 bps, 51.06%, Err 72 (1.1e-005)
1590.807 .... 3163 packets received, 4075 bps, 50.94%, Err 72 (1.1e-005)
1595.029 .... 3164 packets received, 4066 bps, 50.82%, Err 72 (1.1e-005)
1599.041 .... 3165 packets received, 4057 bps, 50.71%, Err 72 (1.1e-005)
1601.074 .... 3168 packets received, 4056 bps, 50.70%, Err 72 (1.1e-005)
1603.193 .... 3175 packets received, 4059 bps, 50.74%, Err 73 (1.1e-005)
1605.293 .... 3183 packets received, 4064 bps, 50.80%, Err 73 (1.1e-005)
1607.421 .... 3191 packets received, 4069 bps, 50.86%, Err 73 (1.1e-005)
1609.522 .... 3199 packets received, 4074 bps, 50.92%, Err 73 (1.1e-005)
1611.641 .... 3207 packets received, 4079 bps, 50.98%, Err 73 (1.1e-005)
1615.057 .... 3215 packets received, 4080 bps, 51.00%, Err 74 (1.1e-005)
1617.181 .... 3226 packets received, 4089 bps, 51.11%, Err 75 (1.1e-005)
1619.292 .... 3234 packets received, 4094 bps, 51.17%, Err 75 (1.1e-005)
1621.404 .... 3242 packets received, 4098 bps, 51.23%, Err 75 (1.1e-005)
1624.045 .... 3247 packets received, 4098 bps, 51.22%, Err 77 (1.1e-005)
1626.139 .... 3258 packets received, 4107 bps, 51.33%, Err 77 (1.1e-005)
1628.280 .... 3265 packets received, 4110 bps, 51.37%, Err 78 (1.1e-005)
1630.384 .... 3273 packets received, 4115 bps, 51.43%, Err 78 (1.1e-005)
1632.504 .... 3281 packets received, 4119 bps, 51.49%, Err 78 (1.1e-005)
1634.611 .... 3289 packets received, 4124 bps, 51.55%, Err 78 (1.1e-005)
1636.730 .... 3297 packets received, 4129 bps, 51.61%, Err 78 (1.1e-005)
1638.827 .... 3305 packets received, 4133 bps, 51.67%, Err 78 (1.1e-005)
1640.932 .... 3313 packets received, 4138 bps, 51.73%, Err 78 (1.1e-005)
1643.054 .... 3321 packets received, 4143 bps, 51.78%, Err 78 (1.1e-005)
1645.431 .... 3325 packets received, 4142 bps, 51.77%, Err 79 (1.1e-005)
1647.537 .... 3337 packets received, 4151 bps, 51.89%, Err 79 (1.1e-005)
1649.651 .... 3345 packets received, 4156 bps, 51.95%, Err 79 (1.1e-005)
1651.779 .... 3353 packets received, 4161 bps, 52.01%, Err 79 (1.1e-005)
1653.887 .... 3361 packets received, 4165 bps, 52.07%, Err 79 (1.1e-005)
1656.016 .... 3369 packets received, 4170 bps, 52.12%, Err 79 (1.1e-005)
1658.125 .... 3377 packets received, 4174 bps, 52.18%, Err 79 (1.1e-005)
1660.229 .... 3385 packets received, 4179 bps, 52.24%, Err 79 (1.1e-005)
1662.359 .... 3393 packets received, 4183 bps, 52.29%, Err 79 (1.1e-005)
1664.458 .... 3401 packets received, 4188 bps, 52.35%, Err 79 (1.1e-005)
1666.560 .... 3409 packets received, 4193 bps, 52.41%, Err 79 (1.1e-005)
1668.681 .... 3417 packets received, 4197 bps, 52.46%, Err 79 (1.1e-005)
1670.806 .... 3425 packets received, 4202 bps, 52.52%, Err 79 (1.1e-005)
1672.915 .... 3433 packets received, 4206 bps, 52.58%, Err 79 (1.1e-005)
1675.023 .... 3441 packets received, 4211 bps, 52.63%, Err 80 (1.1e-005)
1677.124 .... 3448 packets received, 4214 bps, 52.67%, Err 80 (1.1e-005)
1679.228 .... 3456 packets received, 4218 bps, 52.73%, Err 80 (1.1e-005)
1681.346 .... 3464 packets received, 4223 bps, 52.78%, Err 80 (1.1e-005)
1683.459 .... 3472 packets received, 4227 bps, 52.84%, Err 80 (1.1e-005)
1685.577 .... 3480 packets received, 4232 bps, 52.89%, Err 80 (1.1e-005)
1687.695 .... 3488 packets received, 4236 bps, 52.95%, Err 80 (1.1e-005)
1689.816 .... 3496 packets received, 4240 bps, 53.00%, Err 80 (1.1e-005)
1691.924 .... 3504 packets received, 4245 bps, 53.06%, Err 80 (1.1e-005)
1694.022 .... 3512 packets received, 4249 bps, 53.11%, Err 80 (1.1e-005)
1696.150 .... 3520 packets received, 4253 bps, 53.17%, Err 80 (1.1e-005)
1698.254 .... 3528 packets received, 4258 bps, 53.22%, Err 80 (1.0e-005)
1698.557 ** WARNING: System too busy, sleep 15 ms, but be awakened 80 ms later
1700.380 .... 3536 packets received, 4262 bps, 53.28%, Err 80 (1.0e-005)
1703.244 ** WARNING: System too busy, sleep 15 ms, but be awakened 73 ms later
1704.455 .... 3537 packets received, 4253 bps, 53.16%, Err 80 (1.0e-005)
1708.601 .... 3538 packets received, 4244 bps, 53.05%, Err 80 (1.0e-005)
1710.572 ** WARNING: System too busy, sleep 15 ms, but be awakened 96 ms later
1712.647 .... 3539 packets received, 4235 bps, 52.94%, Err 80 (1.0e-005)
1716.682 .... 3540 packets received, 4226 bps, 52.83%, Err 80 (1.0e-005)
1720.793 .... 3541 packets received, 4218 bps, 52.72%, Err 80 (1.0e-005)
1724.980 .... 3542 packets received, 4208 bps, 52.61%, Err 80 (1.0e-005)
1728.038 ** WARNING: System too busy, sleep 15 ms, but be awakened 118 ms later
1729.069 .... 3543 packets received, 4200 bps, 52.50%, Err 80 (1.0e-005)
1733.225 .... 3544 packets received, 4191 bps, 52.39%, Err 80 (1.0e-005)
1737.319 .... 3545 packets received, 4182 bps, 52.28%, Err 80 (1.0e-005)
1741.419 .... 3546 packets received, 4173 bps, 52.17%, Err 80 (1.0e-005)
1745.564 .... 3547 packets received, 4165 bps, 52.06%, Err 80 (1.0e-005)
